Using pre-set license
Built from '2022.2/release' branch; Version is '2022.2.3f1 (55531d7fa82e) revision 5591837'; Using compiler version '192829333'; Build Type 'Release'
OS: 'Windows 11  (10.0.22621) 64bit Core' Language: 'en' Physical Memory: 32451 MB
BatchMode: 1, IsHumanControllingUs: 0, StartBugReporterOnCrash: 0, Is64bit: 1, IsPro: 1

COMMAND LINE ARGUMENTS:
C:\Program Files\Unity\Hub\Editor\2022.2.3f1\Editor\Unity.exe
-adb2
-batchMode
-noUpm
-name
AssetImportWorker3
-projectPath
C:/Gaming/Unity/Projects/Roll A Ball
-logFile
Logs/AssetImportWorker3.log
-srvPort
61917
Successfully changed project path to: C:/Gaming/Unity/Projects/Roll A Ball
C:/Gaming/Unity/Projects/Roll A Ball
[UnityMemory] Configuration Parameters - Can be set up in boot.config
    "memorysetup-bucket-allocator-granularity=16"
    "memorysetup-bucket-allocator-bucket-count=8"
    "memorysetup-bucket-allocator-block-size=33554432"
    "memorysetup-bucket-allocator-block-count=8"
    "memorysetup-main-allocator-block-size=16777216"
    "memorysetup-thread-allocator-block-size=16777216"
    "memorysetup-gfx-main-allocator-block-size=16777216"
    "memorysetup-gfx-thread-allocator-block-size=16777216"
    "memorysetup-cache-allocator-block-size=4194304"
    "memorysetup-typetree-allocator-block-size=2097152"
    "memorysetup-profiler-bucket-allocator-granularity=16"
    "memorysetup-profiler-bucket-allocator-bucket-count=8"
    "memorysetup-profiler-bucket-allocator-block-size=33554432"
    "memorysetup-profiler-bucket-allocator-block-count=8"
    "memorysetup-profiler-allocator-block-size=16777216"
    "memorysetup-profiler-editor-allocator-block-size=1048576"
    "memorysetup-temp-allocator-size-main=16777216"
    "memorysetup-job-temp-allocator-block-size=2097152"
    "memorysetup-job-temp-allocator-block-size-background=1048576"
    "memorysetup-job-temp-allocator-reduction-small-platforms=262144"
    "memorysetup-temp-allocator-size-background-worker=32768"
    "memorysetup-temp-allocator-size-job-worker=262144"
    "memorysetup-temp-allocator-size-preload-manager=33554432"
    "memorysetup-temp-allocator-size-nav-mesh-worker=65536"
    "memorysetup-temp-allocator-size-audio-worker=65536"
    "memorysetup-temp-allocator-size-cloud-worker=32768"
    "memorysetup-temp-allocator-size-gi-baking-worker=262144"
    "memorysetup-temp-allocator-size-gfx=262144"
Player connection [22100] Host "[IP] 10.11.126.62 [Port] 0 [Flags] 2 [Guid] 3462219979 [EditorId] 3462219979 [Version] 1048832 [Id] WindowsEditor(7,LucasCIZ) [Debug] 1 [PackageName] WindowsEditor [ProjectName] Editor" joined multi-casting on [225.0.0.222:54997]...

Player connection [22100] Host "[IP] 10.11.126.62 [Port] 0 [Flags] 2 [Guid] 3462219979 [EditorId] 3462219979 [Version] 1048832 [Id] WindowsEditor(7,LucasCIZ) [Debug] 1 [PackageName] WindowsEditor [ProjectName] Editor" joined alternative multi-casting on [225.0.0.222:34997]...

Refreshing native plugins compatible for Editor in 237.20 ms, found 3 plugins.
Preloading 0 native plugins for Editor in 0.00 ms.
Initialize engine version: 2022.2.3f1 (55531d7fa82e)
[Subsystems] Discovering subsystems at path C:/Program Files/Unity/Hub/Editor/2022.2.3f1/Editor/Data/Resources/UnitySubsystems
[Subsystems] Discovering subsystems at path C:/Gaming/Unity/Projects/Roll A Ball/Assets
GfxDevice: creating device client; threaded=0; jobified=0
d3d12: loaded!
Direct3D:
    Version:         Direct3D 12 [level 12.1]
    Renderer:        NVIDIA GeForce RTX 3080 Ti Laptop GPU (ID=0x2420)
    Vendor:          NVIDIA
    VRAM:            16189 MB
    App VRAM Budget: 15421 MB
    Driver:          31.0.15.2824
d3d12: Profiler is enabled, but stable power state is not. GPU timing errors are expected.
Initialize mono
Mono path[0] = 'C:/Program Files/Unity/Hub/Editor/2022.2.3f1/Editor/Data/Managed'
Mono path[1] = 'C:/Program Files/Unity/Hub/Editor/2022.2.3f1/Editor/Data/MonoBleedingEdge/lib/mono/unityjit-win32'
Mono config path = 'C:/Program Files/Unity/Hub/Editor/2022.2.3f1/Editor/Data/MonoBleedingEdge/etc'
Using monoOptions --debugger-agent=transport=dt_socket,embedding=1,server=y,suspend=n,address=127.0.0.1:56476
Begin MonoManager ReloadAssembly
Registering precompiled unity dll's ...
Register platform support module: C:/Program Files/Unity/Hub/Editor/2022.2.3f1/Editor/Data/PlaybackEngines/WindowsStandaloneSupport/UnityEditor.WindowsStandalone.Extensions.dll
Registered in 0.007354 seconds.
- Loaded All Assemblies, in  1.408 seconds
Native extension for WindowsStandalone target not found
Mono: successfully reloaded assembly
- Finished resetting the current domain, in  0.285 seconds
Domain Reload Profiling:
	ReloadAssembly (632ms)
		BeginReloadAssembly (124ms)
			ExecutionOrderSort (0ms)
			DisableScriptedObjects (0ms)
			BackupInstance (0ms)
			ReleaseScriptingObjects (0ms)
			CreateAndSetChildDomain (1ms)
		LoadAllAssembliesAndSetupDomain (0ms)
			LoadAssemblies (122ms)
			RebuildTransferFunctionScriptingTraits (0ms)
			SetupTypeCache (768ms)
				TypeCache.Initialize (768ms)
					TypeCache.ScanAssembly (767ms)
				ResolveRequiredComponents (0ms)
		FinalizeReload (0ms)
			ReleaseScriptCaches (0ms)
			RebuildScriptCaches (0ms)
			SetupLoadedEditorAssemblies (220ms)
				LogAssemblyErrors (0ms)
				InitializePlatformSupportModulesInManaged (10ms)
				SetLoadedEditorAssemblies (8ms)
				RefreshPlugins (0ms)
				BeforeProcessingInitializeOnLoad (1ms)
				ProcessInitializeOnLoadAttributes (152ms)
				ProcessInitializeOnLoadMethodAttributes (49ms)
				AfterProcessingInitializeOnLoad (0ms)
				EditorAssembliesLoaded (0ms)
			ExecutionOrderSort2 (0ms)
			AwakeInstancesAfterBackupRestoration (0ms)
========================================================================
Worker process is ready to serve import requests
Begin MonoManager ReloadAssembly
Symbol file LoadedFromMemory doesn't match image C:\Gaming\Unity\Projects\Roll A Ball\Library\PackageCache\com.unity.visualscripting@1.8.0\Editor\VisualScripting.Core\Dependencies\YamlDotNet\Unity.VisualScripting.YamlDotNet.dll
Symbol file LoadedFromMemory doesn't match image C:\Gaming\Unity\Projects\Roll A Ball\Library\PackageCache\com.unity.visualscripting@1.8.0\Editor\VisualScripting.Core\Dependencies\DotNetZip\Unity.VisualScripting.IonicZip.dll
- Loaded All Assemblies, in  1.423 seconds
Refreshing native plugins compatible for Editor in 6.86 ms, found 3 plugins.
Native extension for WindowsStandalone target not found
d3d12: upload buffer was full! Waited for COPY queue for 2.609 ms.
Mono: successfully reloaded assembly
- Finished resetting the current domain, in  3.132 seconds
Domain Reload Profiling:
	ReloadAssembly (365ms)
		BeginReloadAssembly (216ms)
			ExecutionOrderSort (0ms)
			DisableScriptedObjects (13ms)
			BackupInstance (0ms)
			ReleaseScriptingObjects (0ms)
			CreateAndSetChildDomain (36ms)
		LoadAllAssembliesAndSetupDomain (1052ms)
			LoadAssemblies (156ms)
			RebuildTransferFunctionScriptingTraits (0ms)
			SetupTypeCache (972ms)
				TypeCache.Initialize (685ms)
					TypeCache.ScanAssembly (678ms)
				ResolveRequiredComponents (18ms)
		FinalizeReload (0ms)
			ReleaseScriptCaches (0ms)
			RebuildScriptCaches (0ms)
			SetupLoadedEditorAssemblies (2871ms)
				LogAssemblyErrors (0ms)
				InitializePlatformSupportModulesInManaged (8ms)
				SetLoadedEditorAssemblies (8ms)
				RefreshPlugins (0ms)
				BeforeProcessingInitializeOnLoad (117ms)
				ProcessInitializeOnLoadAttributes (959ms)
				ProcessInitializeOnLoadMethodAttributes (1771ms)
				AfterProcessingInitializeOnLoad (8ms)
				EditorAssembliesLoaded (0ms)
			ExecutionOrderSort2 (0ms)
			AwakeInstancesAfterBackupRestoration (6ms)
Launched and connected shader compiler UnityShaderCompiler.exe after 0.05 seconds
Refreshing native plugins compatible for Editor in 6.48 ms, found 3 plugins.
Preloading 0 native plugins for Editor in 0.00 ms.
Unloading 7172 Unused Serialized files (Serialized files now loaded: 0)
Unloading 68 unused Assets / (3.7 MB). Loaded Objects now: 7644.
Memory consumption went from 1.13 GB to 1.13 GB.
Total: 6.374200 ms (FindLiveObjects: 0.814900 ms CreateObjectMapping: 0.460600 ms MarkObjects: 4.435300 ms  DeleteObjects: 0.662100 ms)

AssetImportParameters requested are different than current active one (requested -> active):
  custom:container-demuxer-ogg: 62fdf1f143b41e24485cea50d1cbac27 -> 
  custom:framework-win-MediaFoundation: 216162199b28c13a410421893ffa2e32 -> 
  custom:container-muxer-webm: aa71ff27fc2769a1b78a27578f13a17b -> 
  custom:video-decoder-webm-vp8: 9c59270c3fd7afecdb556c50c9e8de78 -> 
  custom:AudioImporter_EditorPlatform: d09bf68614088b80899f8185d706f6e7 -> 
  custom:audio-decoder-ogg-vorbis: bf7c407c2cedff20999df2af8eb42d56 -> 
  custom:audio-encoder-webm-vorbis: bf7c407c2cedff20999df2af8eb42d56 -> 
  custom:video-decoder-ogg-theora: a1e56fd34408186e4bbccfd4996cb3dc -> 
  custom:container-demuxer-webm: 4f35f7cbe854078d1ac9338744f61a02 -> 
  custom:video-encoder-webm-vp8: eb34c28f22e8b96e1ab97ce403110664 -> 
========================================================================
Received Import Request.
  Time since last request: 1288.781496 seconds.
  path: Assets/Scenes/PrefabEditingScene.unity
  artifactKey: Guid(34f54ff1ff9415249a847506b6f2fec5) Importer(2089858483,0ecaa5967403d082aa24f35e1b516d23)
Number of updated assets reloaded before import = 0
Start importing Assets/Scenes/PrefabEditingScene.unity using Guid(34f54ff1ff9415249a847506b6f2fec5) Importer(2089858483,0ecaa5967403d082aa24f35e1b516d23) Generated GUIDs only implemented for interfaces!
 -> (artifact id: '61402010c6d3a89a78962e1992a4cb2a') in 0.095527 seconds 
Number of asset objects unloaded after import = 1
========================================================================
Received Import Request.
  Time since last request: 0.000033 seconds.
  path: Assets/HDRPDefaultResources/DefaultHDRISky.exr
  artifactKey: Guid(54a3a0570aebe8949bec4966f1376581) Importer(2089858483,0ecaa5967403d082aa24f35e1b516d23)
Number of updated assets reloaded before import = 0
Start importing Assets/HDRPDefaultResources/DefaultHDRISky.exr using Guid(54a3a0570aebe8949bec4966f1376581) Importer(2089858483,0ecaa5967403d082aa24f35e1b516d23) Generated GUIDs only implemented for interfaces!
 -> (artifact id: '456ab8faf88a4608fbb923c6ff54405a') in 0.093447 seconds 
Number of asset objects unloaded after import = 1
========================================================================
Received Import Request.
  Time since last request: 0.000025 seconds.
  path: Assets/SampleSceneAssets/Materials/General/GlassDark_Mat.mat
  artifactKey: Guid(51396a457ace7ca459c474a7d7ed6ceb) Importer(2089858483,0ecaa5967403d082aa24f35e1b516d23)
Number of updated assets reloaded before import = 0
Start importing Assets/SampleSceneAssets/Materials/General/GlassDark_Mat.mat using Guid(51396a457ace7ca459c474a7d7ed6ceb) Importer(2089858483,0ecaa5967403d082aa24f35e1b516d23) Generated GUIDs only implemented for interfaces!
 -> (artifact id: '08662d80035adede92847ef348d5d2ab') in 0.107883 seconds 
Number of asset objects unloaded after import = 1
========================================================================
Received Import Request.
  Time since last request: 0.000030 seconds.
  path: Assets/SampleSceneAssets/Settings/Volumes/VolumeRoom3.asset
  artifactKey: Guid(06114ad16a0bc0a41957375ac3bf472e) Importer(2089858483,0ecaa5967403d082aa24f35e1b516d23)
Number of updated assets reloaded before import = 0
Start importing Assets/SampleSceneAssets/Settings/Volumes/VolumeRoom3.asset using Guid(06114ad16a0bc0a41957375ac3bf472e) Importer(2089858483,0ecaa5967403d082aa24f35e1b516d23) Generated GUIDs only implemented for interfaces!
 -> (artifact id: 'b885e1d4c05c7ad4ac67911e6574b825') in 0.048925 seconds 
Number of asset objects unloaded after import = 4
========================================================================
Received Import Request.
  Time since last request: 0.000045 seconds.
  path: Assets/SampleSceneAssets/Materials/General/SandblastMetal_Mat.mat
  artifactKey: Guid(2d17ebb7fe958ff4898d2c0cd1dddce9) Importer(2089858483,0ecaa5967403d082aa24f35e1b516d23)
Number of updated assets reloaded before import = 0
Start importing Assets/SampleSceneAssets/Materials/General/SandblastMetal_Mat.mat using Guid(2d17ebb7fe958ff4898d2c0cd1dddce9) Importer(2089858483,0ecaa5967403d082aa24f35e1b516d23) Generated GUIDs only implemented for interfaces!
 -> (artifact id: 'c49079eb044d5eb1899a9d0d77c608f1') in 0.036168 seconds 
Number of asset objects unloaded after import = 2
========================================================================
Received Import Request.
  Time since last request: 0.000021 seconds.
  path: Assets/SampleSceneAssets/Settings/Volumes/VolumeRoom2.asset
  artifactKey: Guid(d78a1b031ab26034eb6ec3cbc9fbcec3) Importer(2089858483,0ecaa5967403d082aa24f35e1b516d23)
Number of updated assets reloaded before import = 0
Start importing Assets/SampleSceneAssets/Settings/Volumes/VolumeRoom2.asset using Guid(d78a1b031ab26034eb6ec3cbc9fbcec3) Importer(2089858483,0ecaa5967403d082aa24f35e1b516d23) Generated GUIDs only implemented for interfaces!
 -> (artifact id: 'cb4519a2ac3a4fa2a7b22d61c29c6f42') in 0.025365 seconds 
Number of asset objects unloaded after import = 4
========================================================================
Received Import Request.
  Time since last request: 0.000029 seconds.
  path: Assets/Scenes/SampleScene/LightingData.asset
  artifactKey: Guid(94a0d1575efbaea4d803b40a29f7b4ab) Importer(2089858483,0ecaa5967403d082aa24f35e1b516d23)
Number of updated assets reloaded before import = 0
Start importing Assets/Scenes/SampleScene/LightingData.asset using Guid(94a0d1575efbaea4d803b40a29f7b4ab) Importer(2089858483,0ecaa5967403d082aa24f35e1b516d23) Generated GUIDs only implemented for interfaces!
 -> (artifact id: 'adf58c732d930b7a33eda181cca9d493') in 0.030744 seconds 
Number of asset objects unloaded after import = 2
========================================================================
Received Import Request.
  Time since last request: 0.000034 seconds.
  path: Assets/Scenes/SampleScene/Lightmap-8_comp_light.exr
  artifactKey: Guid(4ff81c86d3a180b4f9a34f46bfd116d8) Importer(2089858483,0ecaa5967403d082aa24f35e1b516d23)
Number of updated assets reloaded before import = 0
Start importing Assets/Scenes/SampleScene/Lightmap-8_comp_light.exr using Guid(4ff81c86d3a180b4f9a34f46bfd116d8) Importer(2089858483,0ecaa5967403d082aa24f35e1b516d23) Generated GUIDs only implemented for interfaces!
 -> (artifact id: 'ff18a23caf8b7e0d4876e6dce85ed558') in 0.064497 seconds 
Number of asset objects unloaded after import = 1
========================================================================
Received Import Request.
  Time since last request: 0.000038 seconds.
  path: Assets/SampleSceneAssets/Textures/General/ConcreteHoles_MAODS.png
  artifactKey: Guid(3c37174c3fa9e7646b00e37ea0871adc) Importer(2089858483,0ecaa5967403d082aa24f35e1b516d23)
Number of updated assets reloaded before import = 0
Start importing Assets/SampleSceneAssets/Textures/General/ConcreteHoles_MAODS.png using Guid(3c37174c3fa9e7646b00e37ea0871adc) Importer(2089858483,0ecaa5967403d082aa24f35e1b516d23) Generated GUIDs only implemented for interfaces!
 -> (artifact id: '323143f88e5e714a139fc3e7e785c593') in 0.053329 seconds 
Number of asset objects unloaded after import = 1
========================================================================
Received Import Request.
  Time since last request: 0.000025 seconds.
  path: Assets/SampleSceneAssets/Textures/General/ConcreteRough_Normal.png
  artifactKey: Guid(d27afe850f7bc4b48bdc67be58bad39f) Importer(2089858483,0ecaa5967403d082aa24f35e1b516d23)
Number of updated assets reloaded before import = 0
Start importing Assets/SampleSceneAssets/Textures/General/ConcreteRough_Normal.png using Guid(d27afe850f7bc4b48bdc67be58bad39f) Importer(2089858483,0ecaa5967403d082aa24f35e1b516d23) Generated GUIDs only implemented for interfaces!
 -> (artifact id: '5a63b0c5ccf8d0772d22522439e3a674') in 0.039858 seconds 
Number of asset objects unloaded after import = 1
========================================================================
Received Import Request.
  Time since last request: 0.000028 seconds.
  path: Assets/HDRPDefaultResources/DefaultSettingsVolumeProfile.asset
  artifactKey: Guid(d87f7d7815073e840834a16a518c1237) Importer(2089858483,0ecaa5967403d082aa24f35e1b516d23)
Number of updated assets reloaded before import = 0
Start importing Assets/HDRPDefaultResources/DefaultSettingsVolumeProfile.asset using Guid(d87f7d7815073e840834a16a518c1237) Importer(2089858483,0ecaa5967403d082aa24f35e1b516d23) Generated GUIDs only implemented for interfaces!
 -> (artifact id: '12f56f3284fc64561d05cda81089b46c') in 0.027585 seconds 
Number of asset objects unloaded after import = 11
========================================================================
Received Import Request.
  Time since last request: 0.000027 seconds.
  path: Assets/SampleSceneAssets/Materials/General/Ground_Mat.mat
  artifactKey: Guid(80c783de8f9d2de49aa80661a4466819) Importer(2089858483,0ecaa5967403d082aa24f35e1b516d23)
Number of updated assets reloaded before import = 0
Start importing Assets/SampleSceneAssets/Materials/General/Ground_Mat.mat using Guid(80c783de8f9d2de49aa80661a4466819) Importer(2089858483,0ecaa5967403d082aa24f35e1b516d23) Generated GUIDs only implemented for interfaces!
 -> (artifact id: 'c3a41fc55af874dd1f347e8b55fc33c1') in 0.062089 seconds 
Number of asset objects unloaded after import = 4
========================================================================
Received Import Request.
  Time since last request: 0.000061 seconds.
  path: Assets/Script/PlayerController.cs
  artifactKey: Guid(fc84ac191e7f9844f85084f736f12c70) Importer(815301076,1909f56bfc062723c751e8b465ee728b)
Number of updated assets reloaded before import = 0
Start importing Assets/Script/PlayerController.cs using Guid(fc84ac191e7f9844f85084f736f12c70) Importer(815301076,1909f56bfc062723c751e8b465ee728b)  -> (artifact id: '77d85800732ac1c77d999be121868e4f') in 0.015288 seconds 
Number of asset objects unloaded after import = 0
========================================================================
Received Import Request.
  Time since last request: 0.000031 seconds.
  path: Assets/SampleSceneAssets/Materials/General/Concrete_Edge_Decal.prefab
  artifactKey: Guid(4751770e0dc8c1149aa554360ae6087b) Importer(2089858483,0ecaa5967403d082aa24f35e1b516d23)
Number of updated assets reloaded before import = 0
Start importing Assets/SampleSceneAssets/Materials/General/Concrete_Edge_Decal.prefab using Guid(4751770e0dc8c1149aa554360ae6087b) Importer(2089858483,0ecaa5967403d082aa24f35e1b516d23) Generated GUIDs only implemented for interfaces!
 -> (artifact id: '74abe8c37ddf185117e48ab919fb75fa') in 0.055020 seconds 
Number of asset objects unloaded after import = 6
========================================================================
Received Import Request.
  Time since last request: 0.000025 seconds.
  path: Assets/SampleSceneAssets/Textures/General/DecalWear_Albedo.tga
  artifactKey: Guid(e9dd965cb04f8e54aa0c437400128b03) Importer(2089858483,0ecaa5967403d082aa24f35e1b516d23)
Number of updated assets reloaded before import = 0
Start importing Assets/SampleSceneAssets/Textures/General/DecalWear_Albedo.tga using Guid(e9dd965cb04f8e54aa0c437400128b03) Importer(2089858483,0ecaa5967403d082aa24f35e1b516d23) Generated GUIDs only implemented for interfaces!
 -> (artifact id: '6b7b3edf04d9300e57b8c1e22fc800e1') in 0.028488 seconds 
Number of asset objects unloaded after import = 1
========================================================================
Received Import Request.
  Time since last request: 0.000031 seconds.
  path: Assets/SampleSceneAssets/Textures/General/Ground_MAODS.png
  artifactKey: Guid(94d001f430af3964bb8a91bfa7e6d197) Importer(2089858483,0ecaa5967403d082aa24f35e1b516d23)
Number of updated assets reloaded before import = 0
Start importing Assets/SampleSceneAssets/Textures/General/Ground_MAODS.png using Guid(94d001f430af3964bb8a91bfa7e6d197) Importer(2089858483,0ecaa5967403d082aa24f35e1b516d23) Generated GUIDs only implemented for interfaces!
 -> (artifact id: 'd7f0df4ec036dc372f4bec0543600418') in 0.026199 seconds 
Number of asset objects unloaded after import = 1
========================================================================
Received Import Request.
  Time since last request: 0.000034 seconds.
  path: Assets/SampleSceneAssets/Textures/General/Drain_Normal.png
  artifactKey: Guid(bef180c5d187f6442b7312284cfb67a5) Importer(2089858483,0ecaa5967403d082aa24f35e1b516d23)
Number of updated assets reloaded before import = 0
Start importing Assets/SampleSceneAssets/Textures/General/Drain_Normal.png using Guid(bef180c5d187f6442b7312284cfb67a5) Importer(2089858483,0ecaa5967403d082aa24f35e1b516d23) Generated GUIDs only implemented for interfaces!
 -> (artifact id: '80d1567e533d4f17964a5ee86d30e069') in 0.026280 seconds 
Number of asset objects unloaded after import = 1
========================================================================
Received Import Request.
  Time since last request: 0.000029 seconds.
  path: Assets/SampleSceneAssets/Materials/General/EmissiveStripLight_RealtimeGI_Mat.mat
  artifactKey: Guid(89777c57e448943439338a5ab2851332) Importer(2089858483,0ecaa5967403d082aa24f35e1b516d23)
Number of updated assets reloaded before import = 0
Start importing Assets/SampleSceneAssets/Materials/General/EmissiveStripLight_RealtimeGI_Mat.mat using Guid(89777c57e448943439338a5ab2851332) Importer(2089858483,0ecaa5967403d082aa24f35e1b516d23) Generated GUIDs only implemented for interfaces!
 -> (artifact id: '3255d14369c1e3b7430dc1655d0f80fb') in 0.032809 seconds 
Number of asset objects unloaded after import = 1
========================================================================
Received Import Request.
  Time since last request: 0.000022 seconds.
  path: Assets/SampleSceneAssets/Textures/General/Ground_Normal.png
  artifactKey: Guid(e244b2d408d890041b34921c157b70eb) Importer(2089858483,0ecaa5967403d082aa24f35e1b516d23)
Number of updated assets reloaded before import = 0
Start importing Assets/SampleSceneAssets/Textures/General/Ground_Normal.png using Guid(e244b2d408d890041b34921c157b70eb) Importer(2089858483,0ecaa5967403d082aa24f35e1b516d23) Generated GUIDs only implemented for interfaces!
 -> (artifact id: '0545b840c258a3ccab49d84016e77d8c') in 0.026164 seconds 
Number of asset objects unloaded after import = 1
========================================================================
Received Import Request.
  Time since last request: 0.000031 seconds.
  path: Assets/SampleSceneAssets/Materials/General/Decal_Mat.mat
  artifactKey: Guid(811cfb822fc52b94997d2481839de2fe) Importer(2089858483,0ecaa5967403d082aa24f35e1b516d23)
Number of updated assets reloaded before import = 0
Start importing Assets/SampleSceneAssets/Materials/General/Decal_Mat.mat using Guid(811cfb822fc52b94997d2481839de2fe) Importer(2089858483,0ecaa5967403d082aa24f35e1b516d23) Generated GUIDs only implemented for interfaces!
 -> (artifact id: 'f3651b82c79ec5f5bfd3fea034548196') in 0.056876 seconds 
Number of asset objects unloaded after import = 3
========================================================================
Received Import Request.
  Time since last request: 0.000043 seconds.
  path: Assets/SampleSceneAssets/Textures/General/ConcreteHoles_Albedo.png
  artifactKey: Guid(2b99f0294fbead04c982891ea9dffe34) Importer(2089858483,0ecaa5967403d082aa24f35e1b516d23)
Number of updated assets reloaded before import = 0
Start importing Assets/SampleSceneAssets/Textures/General/ConcreteHoles_Albedo.png using Guid(2b99f0294fbead04c982891ea9dffe34) Importer(2089858483,0ecaa5967403d082aa24f35e1b516d23) Generated GUIDs only implemented for interfaces!
 -> (artifact id: 'b4e31cbb0bffdf0c1396105e6e62aa56') in 0.026178 seconds 
Number of asset objects unloaded after import = 1
========================================================================
Received Import Request.
  Time since last request: 0.000024 seconds.
  path: Assets/SampleSceneAssets/Textures/General/MarbleFloor_MAODS.png
  artifactKey: Guid(a0ea9d15b87d52246b305917ad26afa1) Importer(2089858483,0ecaa5967403d082aa24f35e1b516d23)
Number of updated assets reloaded before import = 0
Start importing Assets/SampleSceneAssets/Textures/General/MarbleFloor_MAODS.png using Guid(a0ea9d15b87d52246b305917ad26afa1) Importer(2089858483,0ecaa5967403d082aa24f35e1b516d23) Generated GUIDs only implemented for interfaces!
 -> (artifact id: '0b8a94981c2643897817d7bafcda60db') in 0.040577 seconds 
Number of asset objects unloaded after import = 1
========================================================================
Received Import Request.
  Time since last request: 0.000032 seconds.
  path: Assets/SampleSceneAssets/Textures/General/MetalBlack_Normal.png
  artifactKey: Guid(50e506fbbc39c2d4f9aa6da614c479b2) Importer(2089858483,0ecaa5967403d082aa24f35e1b516d23)
Number of updated assets reloaded before import = 0
Start importing Assets/SampleSceneAssets/Textures/General/MetalBlack_Normal.png using Guid(50e506fbbc39c2d4f9aa6da614c479b2) Importer(2089858483,0ecaa5967403d082aa24f35e1b516d23) Generated GUIDs only implemented for interfaces!
 -> (artifact id: 'faa0a656d5f1d0b13d5afb0f1886c9f4') in 0.028861 seconds 
Number of asset objects unloaded after import = 1
========================================================================
Received Import Request.
  Time since last request: 0.000031 seconds.
  path: Assets/SampleSceneAssets/Textures/General/Rubber_N.png
  artifactKey: Guid(8bd4e7ade2fb9b44b9271f1a6e5056c8) Importer(2089858483,0ecaa5967403d082aa24f35e1b516d23)
Number of updated assets reloaded before import = 0
Start importing Assets/SampleSceneAssets/Textures/General/Rubber_N.png using Guid(8bd4e7ade2fb9b44b9271f1a6e5056c8) Importer(2089858483,0ecaa5967403d082aa24f35e1b516d23) Generated GUIDs only implemented for interfaces!
 -> (artifact id: 'db4d816537f4f2dfcacd229d1427675d') in 0.035557 seconds 
Number of asset objects unloaded after import = 1
========================================================================
Received Import Request.
  Time since last request: 0.000037 seconds.
  path: Assets/SampleSceneAssets/Materials/General/Bamboo_A.mat
  artifactKey: Guid(fff7b0d103b7de54f810338cd8c6d44a) Importer(2089858483,0ecaa5967403d082aa24f35e1b516d23)
Number of updated assets reloaded before import = 0
Start importing Assets/SampleSceneAssets/Materials/General/Bamboo_A.mat using Guid(fff7b0d103b7de54f810338cd8c6d44a) Importer(2089858483,0ecaa5967403d082aa24f35e1b516d23) Generated GUIDs only implemented for interfaces!
 -> (artifact id: '7a16ee1d41728136fc0189acdffef8ac') in 0.051567 seconds 
Number of asset objects unloaded after import = 5
========================================================================
Received Import Request.
  Time since last request: 0.000026 seconds.
  path: Assets/SampleSceneAssets/Textures/General/ConcreteTaupe_02_DetailMap.png
  artifactKey: Guid(4862aa5e01ca94340941228f6ca84295) Importer(2089858483,0ecaa5967403d082aa24f35e1b516d23)
Number of updated assets reloaded before import = 0
Start importing Assets/SampleSceneAssets/Textures/General/ConcreteTaupe_02_DetailMap.png using Guid(4862aa5e01ca94340941228f6ca84295) Importer(2089858483,0ecaa5967403d082aa24f35e1b516d23) Generated GUIDs only implemented for interfaces!
 -> (artifact id: '974b493d079638bcc6293e4e0c38160f') in 0.029282 seconds 
Number of asset objects unloaded after import = 1
========================================================================
Received Import Request.
  Time since last request: 0.000196 seconds.
  path: Assets/SampleSceneAssets/Settings/QualityLevels/5HDRPRaytracingRTGIQuality.asset
  artifactKey: Guid(96471df129b04e24991e9188b9c81134) Importer(2089858483,0ecaa5967403d082aa24f35e1b516d23)
Number of updated assets reloaded before import = 0
Start importing Assets/SampleSceneAssets/Settings/QualityLevels/5HDRPRaytracingRTGIQuality.asset using Guid(96471df129b04e24991e9188b9c81134) Importer(2089858483,0ecaa5967403d082aa24f35e1b516d23) Generated GUIDs only implemented for interfaces!
 -> (artifact id: '7d5c6de84117aa6be8ab2f4a7d2e8643') in 0.097168 seconds 
Number of asset objects unloaded after import = 1
========================================================================
Received Import Request.
  Time since last request: 0.000035 seconds.
  path: Assets/SampleSceneAssets/Tutorials/Assets/LightCookies-2.png
  artifactKey: Guid(3fa5cc56e2744774fa626b037c53fd1f) Importer(2089858483,0ecaa5967403d082aa24f35e1b516d23)
Number of updated assets reloaded before import = 0
Start importing Assets/SampleSceneAssets/Tutorials/Assets/LightCookies-2.png using Guid(3fa5cc56e2744774fa626b037c53fd1f) Importer(2089858483,0ecaa5967403d082aa24f35e1b516d23) Generated GUIDs only implemented for interfaces!
 -> (artifact id: '25d1cc5002827021bb12dc56304dbd76') in 0.034337 seconds 
Number of asset objects unloaded after import = 1
========================================================================
Received Import Request.
  Time since last request: 0.000043 seconds.
  path: Assets/SampleSceneAssets/Tutorials/Assets/Exposure-3.png
  artifactKey: Guid(058437c7e1c18774aa2ba060ec5bc322) Importer(2089858483,0ecaa5967403d082aa24f35e1b516d23)
Number of updated assets reloaded before import = 0
Start importing Assets/SampleSceneAssets/Tutorials/Assets/Exposure-3.png using Guid(058437c7e1c18774aa2ba060ec5bc322) Importer(2089858483,0ecaa5967403d082aa24f35e1b516d23) Generated GUIDs only implemented for interfaces!
 -> (artifact id: '39dfb1f4050f17cf46bca9bf6a51c2b9') in 0.037943 seconds 
Number of asset objects unloaded after import = 1
========================================================================
Received Import Request.
  Time since last request: 0.000033 seconds.
  path: Assets/SampleSceneAssets/Tutorials/Assets/LightProbes-3.png
  artifactKey: Guid(399229ca25d9e574583d583500a1afbe) Importer(2089858483,0ecaa5967403d082aa24f35e1b516d23)
Number of updated assets reloaded before import = 0
Start importing Assets/SampleSceneAssets/Tutorials/Assets/LightProbes-3.png using Guid(399229ca25d9e574583d583500a1afbe) Importer(2089858483,0ecaa5967403d082aa24f35e1b516d23) Generated GUIDs only implemented for interfaces!
 -> (artifact id: '8855f17d85533440be06bcee562fb877') in 0.029291 seconds 
Number of asset objects unloaded after import = 1
========================================================================
Received Import Request.
  Time since last request: 0.000024 seconds.
  path: Assets/SampleSceneAssets/Materials/General/Rock_A.mat
  artifactKey: Guid(5d53f2d3d2871cc40bfce7f567098cbe) Importer(2089858483,0ecaa5967403d082aa24f35e1b516d23)
Number of updated assets reloaded before import = 0
Start importing Assets/SampleSceneAssets/Materials/General/Rock_A.mat using Guid(5d53f2d3d2871cc40bfce7f567098cbe) Importer(2089858483,0ecaa5967403d082aa24f35e1b516d23) Generated GUIDs only implemented for interfaces!
 -> (artifact id: 'a0c3ac0e6ce8a789f06f2bdbde541c0d') in 0.040667 seconds 
Number of asset objects unloaded after import = 4
========================================================================
Received Import Request.
  Time since last request: 0.000029 seconds.
  path: Assets/SampleSceneAssets/Textures/General/Bush_01_BC.png
  artifactKey: Guid(a78b571da66b42a4797a35454d64a71d) Importer(2089858483,0ecaa5967403d082aa24f35e1b516d23)
Number of updated assets reloaded before import = 0
Start importing Assets/SampleSceneAssets/Textures/General/Bush_01_BC.png using Guid(a78b571da66b42a4797a35454d64a71d) Importer(2089858483,0ecaa5967403d082aa24f35e1b516d23) Generated GUIDs only implemented for interfaces!
 -> (artifact id: 'e75a64a92657bac191986a5572983f81') in 0.029212 seconds 
Number of asset objects unloaded after import = 1
========================================================================
Received Import Request.
  Time since last request: 0.000038 seconds.
  path: Assets/SampleSceneAssets/Tutorials/Assets/HDRPSettings-4.png
  artifactKey: Guid(da7e71977534a894e967ad6546baec62) Importer(2089858483,0ecaa5967403d082aa24f35e1b516d23)
Number of updated assets reloaded before import = 0
Start importing Assets/SampleSceneAssets/Tutorials/Assets/HDRPSettings-4.png using Guid(da7e71977534a894e967ad6546baec62) Importer(2089858483,0ecaa5967403d082aa24f35e1b516d23) Generated GUIDs only implemented for interfaces!
 -> (artifact id: '2ed9ebe4f10b5a8c5888bed97028041e') in 0.033805 seconds 
Number of asset objects unloaded after import = 1
========================================================================
Received Import Request.
  Time since last request: 0.000075 seconds.
  path: Assets/SampleSceneAssets/Textures/General/MarbleFloor_Normal.png
  artifactKey: Guid(ce933628a0d8b1e44bcecaed849d39d6) Importer(2089858483,0ecaa5967403d082aa24f35e1b516d23)
Number of updated assets reloaded before import = 0
Start importing Assets/SampleSceneAssets/Textures/General/MarbleFloor_Normal.png using Guid(ce933628a0d8b1e44bcecaed849d39d6) Importer(2089858483,0ecaa5967403d082aa24f35e1b516d23) Generated GUIDs only implemented for interfaces!
 -> (artifact id: '2b01f91b1d4693bb5b7430268f03fd68') in 0.033031 seconds 
Number of asset objects unloaded after import = 1
========================================================================
Received Import Request.
  Time since last request: 0.000031 seconds.
  path: Assets/SampleSceneAssets/Tutorials/Pages/BakedLighting_04.asset
  artifactKey: Guid(71b086629e9add24dbcf4cc6e55c7ff5) Importer(2089858483,0ecaa5967403d082aa24f35e1b516d23)
Number of updated assets reloaded before import = 0
Start importing Assets/SampleSceneAssets/Tutorials/Pages/BakedLighting_04.asset using Guid(71b086629e9add24dbcf4cc6e55c7ff5) Importer(2089858483,0ecaa5967403d082aa24f35e1b516d23) Generated GUIDs only implemented for interfaces!
 -> (artifact id: '9c3265de664eef9f7910cb6f0c714700') in 0.047330 seconds 
Number of asset objects unloaded after import = 2
========================================================================
Received Import Request.
  Time since last request: 0.000034 seconds.
  path: Assets/SampleSceneAssets/Tutorials/Icons/icon--sun-slider@2x.png
  artifactKey: Guid(962d1d34f77f4804581a2389f5c55a72) Importer(2089858483,0ecaa5967403d082aa24f35e1b516d23)
Number of updated assets reloaded before import = 0
Start importing Assets/SampleSceneAssets/Tutorials/Icons/icon--sun-slider@2x.png using Guid(962d1d34f77f4804581a2389f5c55a72) Importer(2089858483,0ecaa5967403d082aa24f35e1b516d23) Generated GUIDs only implemented for interfaces!
 -> (artifact id: '414cac3d2b0707cadffd9bc2c840d56e') in 0.030657 seconds 
Number of asset objects unloaded after import = 1
========================================================================
Received Import Request.
  Time since last request: 0.000042 seconds.
  path: Assets/SampleSceneAssets/Textures/General/Rubber_M.png
  artifactKey: Guid(7343846adadc0074599d820ce4b23796) Importer(2089858483,0ecaa5967403d082aa24f35e1b516d23)
Number of updated assets reloaded before import = 0
Start importing Assets/SampleSceneAssets/Textures/General/Rubber_M.png using Guid(7343846adadc0074599d820ce4b23796) Importer(2089858483,0ecaa5967403d082aa24f35e1b516d23) Generated GUIDs only implemented for interfaces!
 -> (artifact id: '0fea3b2536e64f4e292c7ba39b6d9ae8') in 0.038484 seconds 
Number of asset objects unloaded after import = 1
========================================================================
Received Import Request.
  Time since last request: 0.000028 seconds.
  path: Assets/SampleSceneAssets/Tutorials/Assets/Exposure-1.png
  artifactKey: Guid(9050e5217ebc90e48bce5ea8d4141a78) Importer(2089858483,0ecaa5967403d082aa24f35e1b516d23)
Number of updated assets reloaded before import = 0
Start importing Assets/SampleSceneAssets/Tutorials/Assets/Exposure-1.png using Guid(9050e5217ebc90e48bce5ea8d4141a78) Importer(2089858483,0ecaa5967403d082aa24f35e1b516d23) Generated GUIDs only implemented for interfaces!
 -> (artifact id: 'd999386ed6369569e9b42d5af4108338') in 0.031764 seconds 
Number of asset objects unloaded after import = 1
========================================================================
Received Import Request.
  Time since last request: 0.000028 seconds.
  path: Assets/SampleSceneAssets/Tutorials/Assets/Exposure-2.png
  artifactKey: Guid(6912e347d75a02745b99e9fa6b736295) Importer(2089858483,0ecaa5967403d082aa24f35e1b516d23)
Number of updated assets reloaded before import = 0
Start importing Assets/SampleSceneAssets/Tutorials/Assets/Exposure-2.png using Guid(6912e347d75a02745b99e9fa6b736295) Importer(2089858483,0ecaa5967403d082aa24f35e1b516d23) Generated GUIDs only implemented for interfaces!
 -> (artifact id: 'ced7c3503d7de72741218f0c74c5f16c') in 0.025559 seconds 
Number of asset objects unloaded after import = 1
========================================================================
Received Import Request.
  Time since last request: 0.000025 seconds.
  path: Assets/SampleSceneAssets/Tutorials/Assets/HDRPSettings-3.png
  artifactKey: Guid(8f7cbea096e85fa40a9806bad7ad1ad7) Importer(2089858483,0ecaa5967403d082aa24f35e1b516d23)
Number of updated assets reloaded before import = 0
Start importing Assets/SampleSceneAssets/Tutorials/Assets/HDRPSettings-3.png using Guid(8f7cbea096e85fa40a9806bad7ad1ad7) Importer(2089858483,0ecaa5967403d082aa24f35e1b516d23) Generated GUIDs only implemented for interfaces!
 -> (artifact id: '83d27dac7a19ea15f449623cc3fc8134') in 0.028818 seconds 
Number of asset objects unloaded after import = 1
========================================================================
Received Import Request.
  Time since last request: 0.000040 seconds.
  path: Assets/SampleSceneAssets/Tutorials/Pages/Fog_03.asset
  artifactKey: Guid(a53ccfed920901d489900c8f5d988991) Importer(2089858483,0ecaa5967403d082aa24f35e1b516d23)
Number of updated assets reloaded before import = 0
Start importing Assets/SampleSceneAssets/Tutorials/Pages/Fog_03.asset using Guid(a53ccfed920901d489900c8f5d988991) Importer(2089858483,0ecaa5967403d082aa24f35e1b516d23) Generated GUIDs only implemented for interfaces!
 -> (artifact id: 'fd4e581fcf29842a78a06bce1c70f23e') in 0.023179 seconds 
Number of asset objects unloaded after import = 2
========================================================================
Received Import Request.
  Time since last request: 0.000027 seconds.
  path: Assets/SampleSceneAssets/Tutorials/Pages/Exposure_02.asset
  artifactKey: Guid(a95ddec9b43809f41bb43545dfe26cca) Importer(2089858483,0ecaa5967403d082aa24f35e1b516d23)
Number of updated assets reloaded before import = 0
Start importing Assets/SampleSceneAssets/Tutorials/Pages/Exposure_02.asset using Guid(a95ddec9b43809f41bb43545dfe26cca) Importer(2089858483,0ecaa5967403d082aa24f35e1b516d23) Generated GUIDs only implemented for interfaces!
 -> (artifact id: 'e9a3e96464b53dd9e96293a766b81c13') in 0.029563 seconds 
Number of asset objects unloaded after import = 2
========================================================================
Received Import Request.
  Time since last request: 0.000026 seconds.
  path: Assets/SampleSceneAssets/Tutorials/Pages/LightProbes_03.asset
  artifactKey: Guid(6e537e16477423041ab2a5f983f6f406) Importer(2089858483,0ecaa5967403d082aa24f35e1b516d23)
Number of updated assets reloaded before import = 0
Start importing Assets/SampleSceneAssets/Tutorials/Pages/LightProbes_03.asset using Guid(6e537e16477423041ab2a5f983f6f406) Importer(2089858483,0ecaa5967403d082aa24f35e1b516d23) Generated GUIDs only implemented for interfaces!
 -> (artifact id: '22c895a2706df4ab31ab0cd801ae67ba') in 0.021294 seconds 
Number of asset objects unloaded after import = 2
========================================================================
Received Import Request.
  Time since last request: 0.000033 seconds.
  path: Assets/SampleSceneAssets/Tutorials/Pages/Fog_01.asset
  artifactKey: Guid(61c696643a2696d45af2a613bf91bf45) Importer(2089858483,0ecaa5967403d082aa24f35e1b516d23)
Number of updated assets reloaded before import = 0
Start importing Assets/SampleSceneAssets/Tutorials/Pages/Fog_01.asset using Guid(61c696643a2696d45af2a613bf91bf45) Importer(2089858483,0ecaa5967403d082aa24f35e1b516d23) Generated GUIDs only implemented for interfaces!
 -> (artifact id: '0d6830aa626997aa57cf402f69bf465a') in 0.023717 seconds 
Number of asset objects unloaded after import = 2
========================================================================
Received Import Request.
  Time since last request: 0.000050 seconds.
  path: Assets/SampleSceneAssets/Tutorials/Pages/LightCookies_01.asset
  artifactKey: Guid(32e6fba6a093a0d42a92f0e9456991ac) Importer(2089858483,0ecaa5967403d082aa24f35e1b516d23)
Number of updated assets reloaded before import = 0
Start importing Assets/SampleSceneAssets/Tutorials/Pages/LightCookies_01.asset using Guid(32e6fba6a093a0d42a92f0e9456991ac) Importer(2089858483,0ecaa5967403d082aa24f35e1b516d23) Generated GUIDs only implemented for interfaces!
 -> (artifact id: '0d324913121e349c8292e4dec9a05f80') in 0.022153 seconds 
Number of asset objects unloaded after import = 2
========================================================================
Received Import Request.
  Time since last request: 0.000028 seconds.
  path: Assets/SampleSceneAssets/Tutorials/Assets/BakedLighting-1.png
  artifactKey: Guid(d68bc6ce452f2254d84152524e51fc27) Importer(2089858483,0ecaa5967403d082aa24f35e1b516d23)
Number of updated assets reloaded before import = 0
Start importing Assets/SampleSceneAssets/Tutorials/Assets/BakedLighting-1.png using Guid(d68bc6ce452f2254d84152524e51fc27) Importer(2089858483,0ecaa5967403d082aa24f35e1b516d23) Generated GUIDs only implemented for interfaces!
 -> (artifact id: '345258a47409e1609d5978d15829e4e2') in 0.036221 seconds 
Number of asset objects unloaded after import = 1
========================================================================
Received Import Request.
  Time since last request: 0.000028 seconds.
  path: Assets/SampleSceneAssets/Tutorials/Assets/ReflectionProbes-3.png
  artifactKey: Guid(b645607a722d7204eb332630d707cab8) Importer(2089858483,0ecaa5967403d082aa24f35e1b516d23)
Number of updated assets reloaded before import = 0
Start importing Assets/SampleSceneAssets/Tutorials/Assets/ReflectionProbes-3.png using Guid(b645607a722d7204eb332630d707cab8) Importer(2089858483,0ecaa5967403d082aa24f35e1b516d23) Generated GUIDs only implemented for interfaces!
 -> (artifact id: '26b9a8e484ad454d35090a1db68f40ac') in 0.030861 seconds 
Number of asset objects unloaded after import = 1
========================================================================
Received Import Request.
  Time since last request: 0.000031 seconds.
  path: Assets/SampleSceneAssets/Tutorials/Sections/BakedLighting.asset
  artifactKey: Guid(b4e4869767e279b4aa35c5b0d2f9872b) Importer(2089858483,0ecaa5967403d082aa24f35e1b516d23)
Number of updated assets reloaded before import = 0
Start importing Assets/SampleSceneAssets/Tutorials/Sections/BakedLighting.asset using Guid(b4e4869767e279b4aa35c5b0d2f9872b) Importer(2089858483,0ecaa5967403d082aa24f35e1b516d23) d3d12: upload buffer was full! Waited for COPY queue for 1.830 ms.
Generated GUIDs only implemented for interfaces!
 -> (artifact id: 'dd0304223ac23c1954469a2719b0d06e') in 0.434363 seconds 
Number of asset objects unloaded after import = 135
========================================================================
Received Import Request.
  Time since last request: 0.000043 seconds.
  path: Assets/SampleSceneAssets/Tutorials/Sections/Decals.asset
  artifactKey: Guid(ab22ccf2c27371b4ab9628308bfe0ddf) Importer(2089858483,0ecaa5967403d082aa24f35e1b516d23)
Number of updated assets reloaded before import = 0
Start importing Assets/SampleSceneAssets/Tutorials/Sections/Decals.asset using Guid(ab22ccf2c27371b4ab9628308bfe0ddf) Importer(2089858483,0ecaa5967403d082aa24f35e1b516d23) d3d12: upload buffer was full! Waited for COPY queue for 1.876 ms.
Generated GUIDs only implemented for interfaces!
 -> (artifact id: '3060484146985bb2ff074ca1d62f33e1') in 0.415914 seconds 
Number of asset objects unloaded after import = 135
========================================================================
Received Import Request.
  Time since last request: 0.000029 seconds.
  path: Assets/SampleSceneAssets/Tutorials/Sections/WhiteBalance.asset
  artifactKey: Guid(5dccaf730723e85469a2245856ee3d8b) Importer(2089858483,0ecaa5967403d082aa24f35e1b516d23)
Number of updated assets reloaded before import = 0
Start importing Assets/SampleSceneAssets/Tutorials/Sections/WhiteBalance.asset using Guid(5dccaf730723e85469a2245856ee3d8b) Importer(2089858483,0ecaa5967403d082aa24f35e1b516d23) d3d12: upload buffer was full! Waited for COPY queue for 1.939 ms.
Generated GUIDs only implemented for interfaces!
 -> (artifact id: 'e9316e9ee6005a20f06fdda663f94bc5') in 0.374410 seconds 
Number of asset objects unloaded after import = 135
========================================================================
Received Import Request.
  Time since last request: 0.000035 seconds.
  path: Assets/SampleSceneAssets/Tutorials/Sections/VFX.asset
  artifactKey: Guid(c8a568f8d148fe04a9d6059c3c4af548) Importer(2089858483,0ecaa5967403d082aa24f35e1b516d23)
Number of updated assets reloaded before import = 0
Start importing Assets/SampleSceneAssets/Tutorials/Sections/VFX.asset using Guid(c8a568f8d148fe04a9d6059c3c4af548) Importer(2089858483,0ecaa5967403d082aa24f35e1b516d23) d3d12: upload buffer was full! Waited for COPY queue for 6.236 ms.
Generated GUIDs only implemented for interfaces!
 -> (artifact id: '3799528d0379ab853e2e0199bd27e327') in 0.367741 seconds 
Number of asset objects unloaded after import = 135
========================================================================
Received Import Request.
  Time since last request: 0.000026 seconds.
  path: Assets/SampleSceneAssets/Tutorials/Sections/LearningResources.asset
  artifactKey: Guid(1d0536e5ec610ca4f871097b8440fcfe) Importer(2089858483,0ecaa5967403d082aa24f35e1b516d23)
Number of updated assets reloaded before import = 0
Start importing Assets/SampleSceneAssets/Tutorials/Sections/LearningResources.asset using Guid(1d0536e5ec610ca4f871097b8440fcfe) Importer(2089858483,0ecaa5967403d082aa24f35e1b516d23) d3d12: upload buffer was full! Waited for COPY queue for 1.840 ms.
Generated GUIDs only implemented for interfaces!
 -> (artifact id: '0842fe1581d2d8e2a723fb910b1a2b68') in 0.369110 seconds 
Number of asset objects unloaded after import = 135
========================================================================
Received Import Request.
  Time since last request: 0.000041 seconds.
  path: Assets/SampleSceneAssets/Controllers/ThirdPersonController/Character/Materials/M_Armature_Legs.mat
  artifactKey: Guid(8b25e99361ac31d4e9ae83c46aee69ea) Importer(2089858483,0ecaa5967403d082aa24f35e1b516d23)
Number of updated assets reloaded before import = 0
Start importing Assets/SampleSceneAssets/Controllers/ThirdPersonController/Character/Materials/M_Armature_Legs.mat using Guid(8b25e99361ac31d4e9ae83c46aee69ea) Importer(2089858483,0ecaa5967403d082aa24f35e1b516d23) Generated GUIDs only implemented for interfaces!
 -> (artifact id: '680af78607b2263d28c8f399faee3234') in 0.063644 seconds 
Number of asset objects unloaded after import = 4
========================================================================
Received Import Request.
  Time since last request: 0.000026 seconds.
  path: Assets/SampleSceneAssets/Controllers/ThirdPersonController/Character/Materials/M_Armature_Body.mat
  artifactKey: Guid(43714b68324cc2c409d534d9874f2a2b) Importer(2089858483,0ecaa5967403d082aa24f35e1b516d23)
Number of updated assets reloaded before import = 0
Start importing Assets/SampleSceneAssets/Controllers/ThirdPersonController/Character/Materials/M_Armature_Body.mat using Guid(43714b68324cc2c409d534d9874f2a2b) Importer(2089858483,0ecaa5967403d082aa24f35e1b516d23) Generated GUIDs only implemented for interfaces!
 -> (artifact id: 'a7aceb0f1e0bea06d6ad3e89ed0e7ce6') in 0.067626 seconds 
Number of asset objects unloaded after import = 5
========================================================================
Received Import Request.
  Time since last request: 0.000026 seconds.
  path: Assets/SampleSceneAssets/Controllers/ThirdPersonController/Character/Animations/StarterAssetsThirdPerson.controller
  artifactKey: Guid(40db3173a05ae3242b1c182a09b0a183) Importer(2089858483,0ecaa5967403d082aa24f35e1b516d23)
Number of updated assets reloaded before import = 0
Start importing Assets/SampleSceneAssets/Controllers/ThirdPersonController/Character/Animations/StarterAssetsThirdPerson.controller using Guid(40db3173a05ae3242b1c182a09b0a183) Importer(2089858483,0ecaa5967403d082aa24f35e1b516d23) Generated GUIDs only implemented for interfaces!
 -> (artifact id: '2f07b5d896b071a414fe40d4ee42dca2') in 0.043522 seconds 
Number of asset objects unloaded after import = 21
========================================================================
Received Import Request.
  Time since last request: 0.000041 seconds.
  path: Assets/SampleSceneAssets/Meshes/Structure/Prefab/TR_Counter_01.prefab
  artifactKey: Guid(5f7cc295896e7b24cb6789747b49090a) Importer(2089858483,0ecaa5967403d082aa24f35e1b516d23)
Number of updated assets reloaded before import = 0
Start importing Assets/SampleSceneAssets/Meshes/Structure/Prefab/TR_Counter_01.prefab using Guid(5f7cc295896e7b24cb6789747b49090a) Importer(2089858483,0ecaa5967403d082aa24f35e1b516d23) Generated GUIDs only implemented for interfaces!
 -> (artifact id: 'b02ba3b63fd8307d4fdb4c0ce6e5f16c') in 0.029913 seconds 
Number of asset objects unloaded after import = 25
========================================================================
Received Import Request.
  Time since last request: 0.000056 seconds.
  path: Assets/SampleSceneAssets/Meshes/Props/Lights/Model/CeilingLamp_Lamp_01.fbx
  artifactKey: Guid(7931acb98e4dbae4fb720b7c34166bec) Importer(2089858483,0ecaa5967403d082aa24f35e1b516d23)
Number of updated assets reloaded before import = 0
Start importing Assets/SampleSceneAssets/Meshes/Props/Lights/Model/CeilingLamp_Lamp_01.fbx using Guid(7931acb98e4dbae4fb720b7c34166bec) Importer(2089858483,0ecaa5967403d082aa24f35e1b516d23) Generated GUIDs only implemented for interfaces!
 -> (artifact id: '933e8ca7cd4a1a97da9907f979d0e76c') in 0.061639 seconds 
Number of asset objects unloaded after import = 19
========================================================================
Received Import Request.
  Time since last request: 0.000026 seconds.
  path: Assets/SampleSceneAssets/Controllers/ThirdPersonController/Character/Textures_Low/Armature_Arms_Normal1k.png
  artifactKey: Guid(9c6a943890357fa4ab5462c3918f72c9) Importer(2089858483,0ecaa5967403d082aa24f35e1b516d23)
Number of updated assets reloaded before import = 0
Start importing Assets/SampleSceneAssets/Controllers/ThirdPersonController/Character/Textures_Low/Armature_Arms_Normal1k.png using Guid(9c6a943890357fa4ab5462c3918f72c9) Importer(2089858483,0ecaa5967403d082aa24f35e1b516d23) Generated GUIDs only implemented for interfaces!
 -> (artifact id: '160eadddb64f6b70a42152edc52068e9') in 0.032542 seconds 
Number of asset objects unloaded after import = 1
========================================================================
Received Import Request.
  Time since last request: 0.000021 seconds.
  path: Assets/SampleSceneAssets/Meshes/Props/Furniture/Prefabs/BarStool_01.prefab
  artifactKey: Guid(e49f91931294e69448cea719aaa19235) Importer(2089858483,0ecaa5967403d082aa24f35e1b516d23)
Number of updated assets reloaded before import = 0
Start importing Assets/SampleSceneAssets/Meshes/Props/Furniture/Prefabs/BarStool_01.prefab using Guid(e49f91931294e69448cea719aaa19235) Importer(2089858483,0ecaa5967403d082aa24f35e1b516d23) Generated GUIDs only implemented for interfaces!
 -> (artifact id: '85bc23fa112784c92f1235aeac0da18f') in 0.040256 seconds 
Number of asset objects unloaded after import = 13
========================================================================
Received Import Request.
  Time since last request: 0.000026 seconds.
  path: Assets/SampleSceneAssets/Meshes/Props/Furniture/Models/RoundTable_01.fbx
  artifactKey: Guid(8017e1c6af27e2940b3bb83f6c6ebcc5) Importer(2089858483,0ecaa5967403d082aa24f35e1b516d23)
Number of updated assets reloaded before import = 0
Start importing Assets/SampleSceneAssets/Meshes/Props/Furniture/Models/RoundTable_01.fbx using Guid(8017e1c6af27e2940b3bb83f6c6ebcc5) Importer(2089858483,0ecaa5967403d082aa24f35e1b516d23) Generated GUIDs only implemented for interfaces!
 -> (artifact id: 'b85b85eef7cb9874b4cd03cf0764a436') in 0.036603 seconds 
Number of asset objects unloaded after import = 50
========================================================================
Received Import Request.
  Time since last request: 0.000036 seconds.
  path: Assets/SampleSceneAssets/Controllers/ThirdPersonController/Character/Textures_Low/Armature_Legs_Albedo1k.png
  artifactKey: Guid(0a32b119325619d4ab028aedfd500ed2) Importer(2089858483,0ecaa5967403d082aa24f35e1b516d23)
Number of updated assets reloaded before import = 0
Start importing Assets/SampleSceneAssets/Controllers/ThirdPersonController/Character/Textures_Low/Armature_Legs_Albedo1k.png using Guid(0a32b119325619d4ab028aedfd500ed2) Importer(2089858483,0ecaa5967403d082aa24f35e1b516d23) Generated GUIDs only implemented for interfaces!
 -> (artifact id: 'eb2eac7fbf18df5c8deacee5f6b090a9') in 0.029583 seconds 
Number of asset objects unloaded after import = 1
========================================================================
Received Import Request.
  Time since last request: 0.000024 seconds.
  path: Assets/SampleSceneAssets/Tutorials/Pages/Volumes_05.asset
  artifactKey: Guid(0e58e63591cb2ae42ad610149b6da09e) Importer(2089858483,0ecaa5967403d082aa24f35e1b516d23)
Number of updated assets reloaded before import = 0
Start importing Assets/SampleSceneAssets/Tutorials/Pages/Volumes_05.asset using Guid(0e58e63591cb2ae42ad610149b6da09e) Importer(2089858483,0ecaa5967403d082aa24f35e1b516d23) Generated GUIDs only implemented for interfaces!
 -> (artifact id: '1081be4f844444bf3ebf744711986d2a') in 0.020335 seconds 
Number of asset objects unloaded after import = 2
========================================================================
Received Import Request.
  Time since last request: 0.000024 seconds.
  path: Assets/SampleSceneAssets/Tutorials/Assets/Header.png
  artifactKey: Guid(fe95a7a8bd7b1f44288442c6a4f60bee) Importer(2089858483,0ecaa5967403d082aa24f35e1b516d23)
Number of updated assets reloaded before import = 0
Start importing Assets/SampleSceneAssets/Tutorials/Assets/Header.png using Guid(fe95a7a8bd7b1f44288442c6a4f60bee) Importer(2089858483,0ecaa5967403d082aa24f35e1b516d23) Generated GUIDs only implemented for interfaces!
 -> (artifact id: 'd2b40726452e61d376f89fd0e17b362d') in 0.030317 seconds 
Number of asset objects unloaded after import = 1
========================================================================
Received Import Request.
  Time since last request: 0.000032 seconds.
  path: Assets/SampleSceneAssets/Meshes/Props/Lights/Prefab/Light_Spot_1600lm.prefab
  artifactKey: Guid(d7af645ccfc58e14692b118dddb559b7) Importer(2089858483,0ecaa5967403d082aa24f35e1b516d23)
Number of updated assets reloaded before import = 0
Start importing Assets/SampleSceneAssets/Meshes/Props/Lights/Prefab/Light_Spot_1600lm.prefab using Guid(d7af645ccfc58e14692b118dddb559b7) Importer(2089858483,0ecaa5967403d082aa24f35e1b516d23) Generated GUIDs only implemented for interfaces!
 -> (artifact id: 'e4d5ad972741d57528d6a60be96d510f') in 0.096395 seconds 
Number of asset objects unloaded after import = 10
========================================================================
Received Import Request.
  Time since last request: 0.000037 seconds.
  path: Assets/SampleSceneAssets/Meshes/Props/Nature/Model/Bamboo_C.fbx
  artifactKey: Guid(d02feacdd25b360458c742d0b723ece0) Importer(2089858483,0ecaa5967403d082aa24f35e1b516d23)
Number of updated assets reloaded before import = 0
Start importing Assets/SampleSceneAssets/Meshes/Props/Nature/Model/Bamboo_C.fbx using Guid(d02feacdd25b360458c742d0b723ece0) Importer(2089858483,0ecaa5967403d082aa24f35e1b516d23) Generated GUIDs only implemented for interfaces!
 -> (artifact id: '511e7aa70fe65c2af6bda4253bd9826e') in 0.050324 seconds 
Number of asset objects unloaded after import = 20
========================================================================
Received Import Request.
  Time since last request: 0.000045 seconds.
  path: Assets/SampleSceneAssets/Meshes/Props/Nature/Model/Bamboo_A.fbx
  artifactKey: Guid(ec20dc31808dcd047a2c16c7bef30b83) Importer(2089858483,0ecaa5967403d082aa24f35e1b516d23)
Number of updated assets reloaded before import = 0
Start importing Assets/SampleSceneAssets/Meshes/Props/Nature/Model/Bamboo_A.fbx using Guid(ec20dc31808dcd047a2c16c7bef30b83) Importer(2089858483,0ecaa5967403d082aa24f35e1b516d23) Generated GUIDs only implemented for interfaces!
 -> (artifact id: '2e7fc1f073f989b75ec3b98f1041241d') in 0.049631 seconds 
Number of asset objects unloaded after import = 20
========================================================================
Received Import Request.
  Time since last request: 0.000026 seconds.
  path: Assets/SampleSceneAssets/Meshes/Props/Lights/Prefab/Light_Spot_1200lm.prefab
  artifactKey: Guid(dbe8cbbfe4750f4429ff7e163423dfe6) Importer(2089858483,0ecaa5967403d082aa24f35e1b516d23)
Number of updated assets reloaded before import = 0
Start importing Assets/SampleSceneAssets/Meshes/Props/Lights/Prefab/Light_Spot_1200lm.prefab using Guid(dbe8cbbfe4750f4429ff7e163423dfe6) Importer(2089858483,0ecaa5967403d082aa24f35e1b516d23) Generated GUIDs only implemented for interfaces!
 -> (artifact id: '6737eb3b2996c6e4df22cc4560dc9d63') in 0.038769 seconds 
Number of asset objects unloaded after import = 7
========================================================================
Received Import Request.
  Time since last request: 0.000030 seconds.
  path: Assets/SampleSceneAssets/Meshes/Props/Lights/Prefab/Spotlight_01a.prefab
  artifactKey: Guid(d3c98eda0dc408d43a20cce4541da78f) Importer(2089858483,0ecaa5967403d082aa24f35e1b516d23)
Number of updated assets reloaded before import = 0
Start importing Assets/SampleSceneAssets/Meshes/Props/Lights/Prefab/Spotlight_01a.prefab using Guid(d3c98eda0dc408d43a20cce4541da78f) Importer(2089858483,0ecaa5967403d082aa24f35e1b516d23) Generated GUIDs only implemented for interfaces!
 -> (artifact id: 'c85f4d11a6ab1d15e798112376b8e7df') in 0.040648 seconds 
Number of asset objects unloaded after import = 174
========================================================================
Received Import Request.
  Time since last request: 0.000034 seconds.
  path: Assets/SampleSceneAssets/Meshes/Props/Nature/Prefab/Rock_A_02.prefab
  artifactKey: Guid(d300c554f4589a640a733a84d30422d4) Importer(2089858483,0ecaa5967403d082aa24f35e1b516d23)
Number of updated assets reloaded before import = 0
Start importing Assets/SampleSceneAssets/Meshes/Props/Nature/Prefab/Rock_A_02.prefab using Guid(d300c554f4589a640a733a84d30422d4) Importer(2089858483,0ecaa5967403d082aa24f35e1b516d23) Generated GUIDs only implemented for interfaces!
 -> (artifact id: '93cbaf0479bcf82a46ec693598090d6b') in 0.028305 seconds 
Number of asset objects unloaded after import = 56
========================================================================
Received Import Request.
  Time since last request: 0.000042 seconds.
  path: Assets/SampleSceneAssets/Meshes/Props/Nature/Prefab/Plant_C_03.prefab
  artifactKey: Guid(93a63a1e35ade9047910baabce0ee30e) Importer(2089858483,0ecaa5967403d082aa24f35e1b516d23)
Number of updated assets reloaded before import = 0
Start importing Assets/SampleSceneAssets/Meshes/Props/Nature/Prefab/Plant_C_03.prefab using Guid(93a63a1e35ade9047910baabce0ee30e) Importer(2089858483,0ecaa5967403d082aa24f35e1b516d23) Generated GUIDs only implemented for interfaces!
 -> (artifact id: 'cac1c20b1004ed74c942e004b891e2b7') in 0.030147 seconds 
Number of asset objects unloaded after import = 41
========================================================================
Received Import Request.
  Time since last request: 0.000032 seconds.
  path: Assets/Scenes/SampleScene/ReflectionProbe-16.exr
  artifactKey: Guid(49f6f17f15f3b684ea900137f2b132e2) Importer(2089858483,0ecaa5967403d082aa24f35e1b516d23)
Number of updated assets reloaded before import = 0
Start importing Assets/Scenes/SampleScene/ReflectionProbe-16.exr using Guid(49f6f17f15f3b684ea900137f2b132e2) Importer(2089858483,0ecaa5967403d082aa24f35e1b516d23) Generated GUIDs only implemented for interfaces!
 -> (artifact id: 'b5d31a1e98aea5db185a63e6e981c0f2') in 0.039940 seconds 
Number of asset objects unloaded after import = 1
========================================================================
Received Import Request.
  Time since last request: 0.000029 seconds.
  path: Assets/SampleSceneAssets/Textures/General/ConcreteTaupe_02_MAODS.png
  artifactKey: Guid(912a7363561061045b429752f3524335) Importer(2089858483,0ecaa5967403d082aa24f35e1b516d23)
Number of updated assets reloaded before import = 0
Start importing Assets/SampleSceneAssets/Textures/General/ConcreteTaupe_02_MAODS.png using Guid(912a7363561061045b429752f3524335) Importer(2089858483,0ecaa5967403d082aa24f35e1b516d23) Generated GUIDs only implemented for interfaces!
 -> (artifact id: 'f85670a5465c5732479f654dbe644bcb') in 0.031691 seconds 
Number of asset objects unloaded after import = 1
========================================================================
Received Import Request.
  Time since last request: 0.000027 seconds.
  path: Assets/SampleSceneAssets/Materials/General/Rubber_Mat.mat
  artifactKey: Guid(1029b38bdee65ba4482ab14d2b7a9f04) Importer(2089858483,0ecaa5967403d082aa24f35e1b516d23)
Number of updated assets reloaded before import = 0
Start importing Assets/SampleSceneAssets/Materials/General/Rubber_Mat.mat using Guid(1029b38bdee65ba4482ab14d2b7a9f04) Importer(2089858483,0ecaa5967403d082aa24f35e1b516d23) Generated GUIDs only implemented for interfaces!
 -> (artifact id: '60d11c74db4e2617cb13ee4842562ce9') in 0.031318 seconds 
Number of asset objects unloaded after import = 4
========================================================================
Received Import Request.
  Time since last request: 0.000041 seconds.
  path: Assets/SampleSceneAssets/Particles/FloatingDust.vfx
  artifactKey: Guid(49807342fca141243b63eda5ee636c9d) Importer(2089858483,0ecaa5967403d082aa24f35e1b516d23)
Number of updated assets reloaded before import = 0
Start importing Assets/SampleSceneAssets/Particles/FloatingDust.vfx using Guid(49807342fca141243b63eda5ee636c9d) Importer(2089858483,0ecaa5967403d082aa24f35e1b516d23) Generated GUIDs only implemented for interfaces!
 -> (artifact id: 'f5d7af5ded241d36bf9b616032443f7f') in 0.039205 seconds 
Number of asset objects unloaded after import = 5
========================================================================
Received Import Request.
  Time since last request: 0.000029 seconds.
  path: Assets/SampleSceneAssets/LensFlares/Presets/Smartphone_Smudged.asset
  artifactKey: Guid(84cfb5afef7adac40b81ffb9d0dbed06) Importer(2089858483,0ecaa5967403d082aa24f35e1b516d23)
Number of updated assets reloaded before import = 0
Start importing Assets/SampleSceneAssets/LensFlares/Presets/Smartphone_Smudged.asset using Guid(84cfb5afef7adac40b81ffb9d0dbed06) Importer(2089858483,0ecaa5967403d082aa24f35e1b516d23) Generated GUIDs only implemented for interfaces!
 -> (artifact id: '4586f477289b4e4ee964f2cb70ac7a10') in 0.022043 seconds 
Number of asset objects unloaded after import = 2
========================================================================
Received Import Request.
  Time since last request: 0.000034 seconds.
  path: Assets/SampleSceneAssets/Tutorials/Pages/LocalVolumetricFog_02.asset
  artifactKey: Guid(d787d8bff7cf1b349afccda228d376c6) Importer(2089858483,0ecaa5967403d082aa24f35e1b516d23)
Number of updated assets reloaded before import = 0
Start importing Assets/SampleSceneAssets/Tutorials/Pages/LocalVolumetricFog_02.asset using Guid(d787d8bff7cf1b349afccda228d376c6) Importer(2089858483,0ecaa5967403d082aa24f35e1b516d23) Generated GUIDs only implemented for interfaces!
 -> (artifact id: 'b758059302017a28968c86a74146807d') in 0.024273 seconds 
Number of asset objects unloaded after import = 2
========================================================================
Received Import Request.
  Time since last request: 0.000034 seconds.
  path: Assets/SampleSceneAssets/Tutorials/Assets/WhiteBalance-1.png
  artifactKey: Guid(018b4b726c31d0445bd4594a032b5a51) Importer(2089858483,0ecaa5967403d082aa24f35e1b516d23)
Number of updated assets reloaded before import = 0
Start importing Assets/SampleSceneAssets/Tutorials/Assets/WhiteBalance-1.png using Guid(018b4b726c31d0445bd4594a032b5a51) Importer(2089858483,0ecaa5967403d082aa24f35e1b516d23) Generated GUIDs only implemented for interfaces!
 -> (artifact id: '1addc57103279ef38bbe7dd2f33d9a0c') in 0.032976 seconds 
Number of asset objects unloaded after import = 1
========================================================================
Received Import Request.
  Time since last request: 0.000045 seconds.
  path: Assets/SampleSceneAssets/Meshes/Structure/Model/TR_Counter_01.fbx
  artifactKey: Guid(93a4b7efc82a6bf48ae489a6b36f228d) Importer(2089858483,0ecaa5967403d082aa24f35e1b516d23)
Number of updated assets reloaded before import = 0
Start importing Assets/SampleSceneAssets/Meshes/Structure/Model/TR_Counter_01.fbx using Guid(93a4b7efc82a6bf48ae489a6b36f228d) Importer(2089858483,0ecaa5967403d082aa24f35e1b516d23) Generated GUIDs only implemented for interfaces!
 -> (artifact id: '457beba0f42aef8615478f782ca93510') in 0.043736 seconds 
Number of asset objects unloaded after import = 15
========================================================================
Received Import Request.
  Time since last request: 0.000026 seconds.
  path: Assets/SampleSceneAssets/Tutorials/Assets/Volumes-1.png
  artifactKey: Guid(b976b90444d2f2643b196eee391988a9) Importer(2089858483,0ecaa5967403d082aa24f35e1b516d23)
Number of updated assets reloaded before import = 0
Start importing Assets/SampleSceneAssets/Tutorials/Assets/Volumes-1.png using Guid(b976b90444d2f2643b196eee391988a9) Importer(2089858483,0ecaa5967403d082aa24f35e1b516d23) Generated GUIDs only implemented for interfaces!
 -> (artifact id: 'ceab7a38437d1c743e48f60de8947842') in 0.039194 seconds 
Number of asset objects unloaded after import = 1
========================================================================
Received Import Request.
  Time since last request: 0.000031 seconds.
  path: Assets/SampleSceneAssets/Tutorials/Assets/BeforeStart-2.png
  artifactKey: Guid(d0dca5d7942d2f14e848604fd920080d) Importer(2089858483,0ecaa5967403d082aa24f35e1b516d23)
Number of updated assets reloaded before import = 0
Start importing Assets/SampleSceneAssets/Tutorials/Assets/BeforeStart-2.png using Guid(d0dca5d7942d2f14e848604fd920080d) Importer(2089858483,0ecaa5967403d082aa24f35e1b516d23) Generated GUIDs only implemented for interfaces!
 -> (artifact id: '9852f10070557fe07fc8394aad4713f3') in 0.043433 seconds 
Number of asset objects unloaded after import = 1
========================================================================
Received Import Request.
  Time since last request: 0.000035 seconds.
  path: Assets/SampleSceneAssets/Settings/Volumes/VolumeRoom3Sitting.asset
  artifactKey: Guid(7bca3a07cdd522c4c8020832c20b3eae) Importer(2089858483,0ecaa5967403d082aa24f35e1b516d23)
Number of updated assets reloaded before import = 0
Start importing Assets/SampleSceneAssets/Settings/Volumes/VolumeRoom3Sitting.asset using Guid(7bca3a07cdd522c4c8020832c20b3eae) Importer(2089858483,0ecaa5967403d082aa24f35e1b516d23) Generated GUIDs only implemented for interfaces!
 -> (artifact id: 'bbbbf82406a483251210a389503ebfe2') in 0.045177 seconds 
Number of asset objects unloaded after import = 2
========================================================================
Received Import Request.
  Time since last request: 0.000043 seconds.
  path: Assets/SampleSceneAssets/Settings/Volumes/VolumeRoom1.asset
  artifactKey: Guid(bd6d234073408c44ca3828113aac655e) Importer(2089858483,0ecaa5967403d082aa24f35e1b516d23)
Number of updated assets reloaded before import = 0
Start importing Assets/SampleSceneAssets/Settings/Volumes/VolumeRoom1.asset using Guid(bd6d234073408c44ca3828113aac655e) Importer(2089858483,0ecaa5967403d082aa24f35e1b516d23) Generated GUIDs only implemented for interfaces!
 -> (artifact id: 'e3be26db20ecc66d7180266c7b4149e0') in 0.029256 seconds 
Number of asset objects unloaded after import = 4
========================================================================
Received Import Request.
  Time since last request: 0.000034 seconds.
  path: Assets/SampleSceneAssets/Tutorials/Pages/HDRPSettings_02.asset
  artifactKey: Guid(bfd5542088ba5684e9c83bdf7ea314aa) Importer(2089858483,0ecaa5967403d082aa24f35e1b516d23)
Number of updated assets reloaded before import = 0
Start importing Assets/SampleSceneAssets/Tutorials/Pages/HDRPSettings_02.asset using Guid(bfd5542088ba5684e9c83bdf7ea314aa) Importer(2089858483,0ecaa5967403d082aa24f35e1b516d23) Generated GUIDs only implemented for interfaces!
 -> (artifact id: 'd86848ee9aab8caa1adc56c074b6938b') in 0.027639 seconds 
Number of asset objects unloaded after import = 2
========================================================================
Received Import Request.
  Time since last request: 0.000054 seconds.
  path: Assets/SampleSceneAssets/Tutorials/Icons/icon--fog@2x.png
  artifactKey: Guid(4c2596688b56ad9408d54eb7f7988a66) Importer(2089858483,0ecaa5967403d082aa24f35e1b516d23)
Number of updated assets reloaded before import = 0
Start importing Assets/SampleSceneAssets/Tutorials/Icons/icon--fog@2x.png using Guid(4c2596688b56ad9408d54eb7f7988a66) Importer(2089858483,0ecaa5967403d082aa24f35e1b516d23) Generated GUIDs only implemented for interfaces!
 -> (artifact id: '687b0e51878412607338703342a67bd4') in 0.039592 seconds 
Number of asset objects unloaded after import = 1
========================================================================
Received Import Request.
  Time since last request: 0.000037 seconds.
  path: Assets/SampleSceneAssets/Textures/General/Bamboo_A_Normal.png
  artifactKey: Guid(c92c870449b56f94f9a1fc7573e5f791) Importer(2089858483,0ecaa5967403d082aa24f35e1b516d23)
Number of updated assets reloaded before import = 0
Start importing Assets/SampleSceneAssets/Textures/General/Bamboo_A_Normal.png using Guid(c92c870449b56f94f9a1fc7573e5f791) Importer(2089858483,0ecaa5967403d082aa24f35e1b516d23) Generated GUIDs only implemented for interfaces!
 -> (artifact id: '4c94043a533428e23fc0f566b4340028') in 0.039899 seconds 
Number of asset objects unloaded after import = 1
========================================================================
Received Import Request.
  Time since last request: 0.000050 seconds.
  path: Assets/SampleSceneAssets/Meshes/Props/Nature/Prefab/Bamboo_C.prefab
  artifactKey: Guid(7cbe92e839b7b6242ae4d3601855397f) Importer(2089858483,0ecaa5967403d082aa24f35e1b516d23)
Number of updated assets reloaded before import = 0
Start importing Assets/SampleSceneAssets/Meshes/Props/Nature/Prefab/Bamboo_C.prefab using Guid(7cbe92e839b7b6242ae4d3601855397f) Importer(2089858483,0ecaa5967403d082aa24f35e1b516d23) Generated GUIDs only implemented for interfaces!
 -> (artifact id: '786b7c6fca2e308e9ed99a0b5ddd3113') in 0.032462 seconds 
Number of asset objects unloaded after import = 38
========================================================================
Received Prepare
Refreshing native plugins compatible for Editor in 5.52 ms, found 3 plugins.
Preloading 0 native plugins for Editor in 0.00 ms.
Unloading 23 Unused Serialized files (Serialized files now loaded: 0)
Unloading 23 unused Assets / (3.6 MB). Loaded Objects now: 7644.
Memory consumption went from 186.7 MB to 183.0 MB.
Total: 5.955800 ms (FindLiveObjects: 0.491400 ms CreateObjectMapping: 0.348000 ms MarkObjects: 4.540100 ms  DeleteObjects: 0.575100 ms)

AssetImportParameters requested are different than current active one (requested -> active):
  custom:container-demuxer-ogg: 62fdf1f143b41e24485cea50d1cbac27 -> 
  custom:framework-win-MediaFoundation: 216162199b28c13a410421893ffa2e32 -> 
  custom:container-muxer-webm: aa71ff27fc2769a1b78a27578f13a17b -> 
  custom:video-decoder-webm-vp8: 9c59270c3fd7afecdb556c50c9e8de78 -> 
  custom:SearchIndexIgnoredProperties: e643bd26f0fe6173181afceb89e7c659 -> 
  custom:AudioImporter_EditorPlatform: d09bf68614088b80899f8185d706f6e7 -> 
  custom:audio-decoder-ogg-vorbis: bf7c407c2cedff20999df2af8eb42d56 -> 
  custom:audio-encoder-webm-vorbis: bf7c407c2cedff20999df2af8eb42d56 -> 
  custom:video-decoder-ogg-theora: a1e56fd34408186e4bbccfd4996cb3dc -> 
  custom:container-demuxer-webm: 4f35f7cbe854078d1ac9338744f61a02 -> 
  custom:video-encoder-webm-vp8: eb34c28f22e8b96e1ab97ce403110664 -> 
Editor requested this worker to shutdown with reason: Scaling down because of idle timeout
TcpMessagingSession - receive error
AssetImportWorkerClient::OnTransportError - code=2 error=End of file
AssetImportWorker is now disconnected from the server
Process exiting
Exiting without the bug reporter. Application will terminate with return code 0