Using pre-set license
Built from '2022.2/release' branch; Version is '2022.2.3f1 (55531d7fa82e) revision 5591837'; Using compiler version '192829333'; Build Type 'Release'
OS: 'Windows 11  (10.0.22621) 64bit Core' Language: 'en' Physical Memory: 32451 MB
BatchMode: 1, IsHumanControllingUs: 0, StartBugReporterOnCrash: 0, Is64bit: 1, IsPro: 1

COMMAND LINE ARGUMENTS:
C:\Program Files\Unity\Hub\Editor\2022.2.3f1\Editor\Unity.exe
-adb2
-batchMode
-noUpm
-name
AssetImportWorker2
-projectPath
C:/Gaming/Unity/Projects/Roll A Ball
-logFile
Logs/AssetImportWorker2.log
-srvPort
61917
Successfully changed project path to: C:/Gaming/Unity/Projects/Roll A Ball
C:/Gaming/Unity/Projects/Roll A Ball
[UnityMemory] Configuration Parameters - Can be set up in boot.config
    "memorysetup-bucket-allocator-granularity=16"
    "memorysetup-bucket-allocator-bucket-count=8"
    "memorysetup-bucket-allocator-block-size=33554432"
    "memorysetup-bucket-allocator-block-count=8"
    "memorysetup-main-allocator-block-size=16777216"
    "memorysetup-thread-allocator-block-size=16777216"
    "memorysetup-gfx-main-allocator-block-size=16777216"
    "memorysetup-gfx-thread-allocator-block-size=16777216"
    "memorysetup-cache-allocator-block-size=4194304"
    "memorysetup-typetree-allocator-block-size=2097152"
    "memorysetup-profiler-bucket-allocator-granularity=16"
    "memorysetup-profiler-bucket-allocator-bucket-count=8"
    "memorysetup-profiler-bucket-allocator-block-size=33554432"
    "memorysetup-profiler-bucket-allocator-block-count=8"
    "memorysetup-profiler-allocator-block-size=16777216"
    "memorysetup-profiler-editor-allocator-block-size=1048576"
    "memorysetup-temp-allocator-size-main=16777216"
    "memorysetup-job-temp-allocator-block-size=2097152"
    "memorysetup-job-temp-allocator-block-size-background=1048576"
    "memorysetup-job-temp-allocator-reduction-small-platforms=262144"
    "memorysetup-temp-allocator-size-background-worker=32768"
    "memorysetup-temp-allocator-size-job-worker=262144"
    "memorysetup-temp-allocator-size-preload-manager=33554432"
    "memorysetup-temp-allocator-size-nav-mesh-worker=65536"
    "memorysetup-temp-allocator-size-audio-worker=65536"
    "memorysetup-temp-allocator-size-cloud-worker=32768"
    "memorysetup-temp-allocator-size-gi-baking-worker=262144"
    "memorysetup-temp-allocator-size-gfx=262144"
Player connection [20976] Host "[IP] 10.11.126.62 [Port] 0 [Flags] 2 [Guid] 2851211101 [EditorId] 2851211101 [Version] 1048832 [Id] WindowsEditor(7,LucasCIZ) [Debug] 1 [PackageName] WindowsEditor [ProjectName] Editor" joined multi-casting on [225.0.0.222:54997]...

Player connection [20976] Host "[IP] 10.11.126.62 [Port] 0 [Flags] 2 [Guid] 2851211101 [EditorId] 2851211101 [Version] 1048832 [Id] WindowsEditor(7,LucasCIZ) [Debug] 1 [PackageName] WindowsEditor [ProjectName] Editor" joined alternative multi-casting on [225.0.0.222:34997]...

Refreshing native plugins compatible for Editor in 235.67 ms, found 3 plugins.
Preloading 0 native plugins for Editor in 0.00 ms.
Initialize engine version: 2022.2.3f1 (55531d7fa82e)
[Subsystems] Discovering subsystems at path C:/Program Files/Unity/Hub/Editor/2022.2.3f1/Editor/Data/Resources/UnitySubsystems
[Subsystems] Discovering subsystems at path C:/Gaming/Unity/Projects/Roll A Ball/Assets
GfxDevice: creating device client; threaded=0; jobified=0
d3d12: loaded!
Direct3D:
    Version:         Direct3D 12 [level 12.1]
    Renderer:        NVIDIA GeForce RTX 3080 Ti Laptop GPU (ID=0x2420)
    Vendor:          NVIDIA
    VRAM:            16189 MB
    App VRAM Budget: 15421 MB
    Driver:          31.0.15.2824
d3d12: Profiler is enabled, but stable power state is not. GPU timing errors are expected.
Initialize mono
Mono path[0] = 'C:/Program Files/Unity/Hub/Editor/2022.2.3f1/Editor/Data/Managed'
Mono path[1] = 'C:/Program Files/Unity/Hub/Editor/2022.2.3f1/Editor/Data/MonoBleedingEdge/lib/mono/unityjit-win32'
Mono config path = 'C:/Program Files/Unity/Hub/Editor/2022.2.3f1/Editor/Data/MonoBleedingEdge/etc'
Using monoOptions --debugger-agent=transport=dt_socket,embedding=1,server=y,suspend=n,address=127.0.0.1:56260
Begin MonoManager ReloadAssembly
Registering precompiled unity dll's ...
Register platform support module: C:/Program Files/Unity/Hub/Editor/2022.2.3f1/Editor/Data/PlaybackEngines/WindowsStandaloneSupport/UnityEditor.WindowsStandalone.Extensions.dll
Registered in 0.006912 seconds.
- Loaded All Assemblies, in  1.404 seconds
Native extension for WindowsStandalone target not found
Mono: successfully reloaded assembly
- Finished resetting the current domain, in  0.274 seconds
Domain Reload Profiling:
	ReloadAssembly (635ms)
		BeginReloadAssembly (121ms)
			ExecutionOrderSort (0ms)
			DisableScriptedObjects (0ms)
			BackupInstance (0ms)
			ReleaseScriptingObjects (0ms)
			CreateAndSetChildDomain (1ms)
		LoadAllAssembliesAndSetupDomain (0ms)
			LoadAssemblies (119ms)
			RebuildTransferFunctionScriptingTraits (0ms)
			SetupTypeCache (762ms)
				TypeCache.Initialize (761ms)
					TypeCache.ScanAssembly (760ms)
				ResolveRequiredComponents (1ms)
		FinalizeReload (0ms)
			ReleaseScriptCaches (0ms)
			RebuildScriptCaches (0ms)
			SetupLoadedEditorAssemblies (215ms)
				LogAssemblyErrors (0ms)
				InitializePlatformSupportModulesInManaged (9ms)
				SetLoadedEditorAssemblies (7ms)
				RefreshPlugins (0ms)
				BeforeProcessingInitializeOnLoad (1ms)
				ProcessInitializeOnLoadAttributes (144ms)
				ProcessInitializeOnLoadMethodAttributes (54ms)
				AfterProcessingInitializeOnLoad (0ms)
				EditorAssembliesLoaded (0ms)
			ExecutionOrderSort2 (0ms)
			AwakeInstancesAfterBackupRestoration (0ms)
========================================================================
Worker process is ready to serve import requests
Begin MonoManager ReloadAssembly
Symbol file LoadedFromMemory doesn't match image C:\Gaming\Unity\Projects\Roll A Ball\Library\PackageCache\com.unity.visualscripting@1.8.0\Editor\VisualScripting.Core\Dependencies\YamlDotNet\Unity.VisualScripting.YamlDotNet.dll
Symbol file LoadedFromMemory doesn't match image C:\Gaming\Unity\Projects\Roll A Ball\Library\PackageCache\com.unity.visualscripting@1.8.0\Editor\VisualScripting.Core\Dependencies\DotNetZip\Unity.VisualScripting.IonicZip.dll
- Loaded All Assemblies, in  1.422 seconds
Refreshing native plugins compatible for Editor in 4.14 ms, found 3 plugins.
Native extension for WindowsStandalone target not found
d3d12: upload buffer was full! Waited for COPY queue for 1.241 ms.
Mono: successfully reloaded assembly
- Finished resetting the current domain, in  3.145 seconds
Domain Reload Profiling:
	ReloadAssembly (374ms)
		BeginReloadAssembly (216ms)
			ExecutionOrderSort (0ms)
			DisableScriptedObjects (13ms)
			BackupInstance (0ms)
			ReleaseScriptingObjects (0ms)
			CreateAndSetChildDomain (34ms)
		LoadAllAssembliesAndSetupDomain (1041ms)
			LoadAssemblies (146ms)
			RebuildTransferFunctionScriptingTraits (0ms)
			SetupTypeCache (967ms)
				TypeCache.Initialize (662ms)
					TypeCache.ScanAssembly (657ms)
				ResolveRequiredComponents (14ms)
		FinalizeReload (0ms)
			ReleaseScriptCaches (0ms)
			RebuildScriptCaches (0ms)
			SetupLoadedEditorAssemblies (2895ms)
				LogAssemblyErrors (0ms)
				InitializePlatformSupportModulesInManaged (8ms)
				SetLoadedEditorAssemblies (10ms)
				RefreshPlugins (0ms)
				BeforeProcessingInitializeOnLoad (128ms)
				ProcessInitializeOnLoadAttributes (981ms)
				ProcessInitializeOnLoadMethodAttributes (1759ms)
				AfterProcessingInitializeOnLoad (10ms)
				EditorAssembliesLoaded (0ms)
			ExecutionOrderSort2 (0ms)
			AwakeInstancesAfterBackupRestoration (7ms)
Launched and connected shader compiler UnityShaderCompiler.exe after 0.04 seconds
Refreshing native plugins compatible for Editor in 5.32 ms, found 3 plugins.
Preloading 0 native plugins for Editor in 0.00 ms.
Unloading 7172 Unused Serialized files (Serialized files now loaded: 0)
Unloading 68 unused Assets / (3.7 MB). Loaded Objects now: 7644.
Memory consumption went from 1.13 GB to 1.13 GB.
Total: 6.512700 ms (FindLiveObjects: 0.761000 ms CreateObjectMapping: 0.412400 ms MarkObjects: 4.585300 ms  DeleteObjects: 0.752100 ms)

AssetImportParameters requested are different than current active one (requested -> active):
  custom:container-demuxer-ogg: 62fdf1f143b41e24485cea50d1cbac27 -> 
  custom:framework-win-MediaFoundation: 216162199b28c13a410421893ffa2e32 -> 
  custom:container-muxer-webm: aa71ff27fc2769a1b78a27578f13a17b -> 
  custom:video-decoder-webm-vp8: 9c59270c3fd7afecdb556c50c9e8de78 -> 
  custom:AudioImporter_EditorPlatform: d09bf68614088b80899f8185d706f6e7 -> 
  custom:audio-decoder-ogg-vorbis: bf7c407c2cedff20999df2af8eb42d56 -> 
  custom:audio-encoder-webm-vorbis: bf7c407c2cedff20999df2af8eb42d56 -> 
  custom:video-decoder-ogg-theora: a1e56fd34408186e4bbccfd4996cb3dc -> 
  custom:container-demuxer-webm: 4f35f7cbe854078d1ac9338744f61a02 -> 
  custom:video-encoder-webm-vp8: eb34c28f22e8b96e1ab97ce403110664 -> 
========================================================================
Received Import Request.
  Time since last request: 1288.779571 seconds.
  path: Assets/SampleSceneAssets/Materials/General/ShadowProxy_Mat.mat
  artifactKey: Guid(fdb87632bd4c94846b3d79e685010e46) Importer(2089858483,0ecaa5967403d082aa24f35e1b516d23)
Number of updated assets reloaded before import = 0
Start importing Assets/SampleSceneAssets/Materials/General/ShadowProxy_Mat.mat using Guid(fdb87632bd4c94846b3d79e685010e46) Importer(2089858483,0ecaa5967403d082aa24f35e1b516d23) Generated GUIDs only implemented for interfaces!
 -> (artifact id: 'b7991c8ef168553624bcd3eeacf7b0e9') in 0.216484 seconds 
Number of asset objects unloaded after import = 1
========================================================================
Received Import Request.
  Time since last request: 0.000038 seconds.
  path: Assets/SampleSceneAssets/Materials/General/PlasticWhiteRough_Mat.mat
  artifactKey: Guid(8580b3c6eca9551408bdc152c11f51b9) Importer(2089858483,0ecaa5967403d082aa24f35e1b516d23)
Number of updated assets reloaded before import = 0
Start importing Assets/SampleSceneAssets/Materials/General/PlasticWhiteRough_Mat.mat using Guid(8580b3c6eca9551408bdc152c11f51b9) Importer(2089858483,0ecaa5967403d082aa24f35e1b516d23) Generated GUIDs only implemented for interfaces!
 -> (artifact id: '822b6c3d65de5bd976b5bbe53088b407') in 0.051672 seconds 
Number of asset objects unloaded after import = 1
========================================================================
Received Import Request.
  Time since last request: 0.000031 seconds.
  path: Assets/SampleSceneAssets/Textures/General/Bamboo_A_Height.png
  artifactKey: Guid(653861b580438e1429c55953041fab8a) Importer(2089858483,0ecaa5967403d082aa24f35e1b516d23)
Number of updated assets reloaded before import = 0
Start importing Assets/SampleSceneAssets/Textures/General/Bamboo_A_Height.png using Guid(653861b580438e1429c55953041fab8a) Importer(2089858483,0ecaa5967403d082aa24f35e1b516d23) Generated GUIDs only implemented for interfaces!
 -> (artifact id: 'c3ed473b48fba1c35604b70dc974e421') in 0.096943 seconds 
Number of asset objects unloaded after import = 1
========================================================================
Received Import Request.
  Time since last request: 0.000031 seconds.
  path: Assets/SampleSceneAssets/Settings/LightingSettings/LightingSettings1Draft.lighting
  artifactKey: Guid(99a1b6b1cc6496a4cbb85d98c3ab8ef9) Importer(2089858483,0ecaa5967403d082aa24f35e1b516d23)
Number of updated assets reloaded before import = 0
Start importing Assets/SampleSceneAssets/Settings/LightingSettings/LightingSettings1Draft.lighting using Guid(99a1b6b1cc6496a4cbb85d98c3ab8ef9) Importer(2089858483,0ecaa5967403d082aa24f35e1b516d23) LightingSettings: switching bake backend from 1 to 2.
Generated GUIDs only implemented for interfaces!
 -> (artifact id: '56b49fc9d5788a06565ea388ef821966') in 0.043319 seconds 
Number of asset objects unloaded after import = 1
========================================================================
Received Import Request.
  Time since last request: 0.000038 seconds.
  path: Assets/SampleSceneAssets/Materials/General/ConcreteTaupe_Mat.mat
  artifactKey: Guid(8803ecc3c0ada6f48bbd21e716f8522b) Importer(2089858483,0ecaa5967403d082aa24f35e1b516d23)
Number of updated assets reloaded before import = 0
Start importing Assets/SampleSceneAssets/Materials/General/ConcreteTaupe_Mat.mat using Guid(8803ecc3c0ada6f48bbd21e716f8522b) Importer(2089858483,0ecaa5967403d082aa24f35e1b516d23) Generated GUIDs only implemented for interfaces!
 -> (artifact id: '2145280d3259574b07b7d7b11460bb07') in 0.074041 seconds 
Number of asset objects unloaded after import = 5
========================================================================
Received Import Request.
  Time since last request: 0.000028 seconds.
  path: Assets/SampleSceneAssets/Materials/General/DecalPuddle_Mat.mat
  artifactKey: Guid(94d80f3e038421840941e22d06feee02) Importer(2089858483,0ecaa5967403d082aa24f35e1b516d23)
Number of updated assets reloaded before import = 0
Start importing Assets/SampleSceneAssets/Materials/General/DecalPuddle_Mat.mat using Guid(94d80f3e038421840941e22d06feee02) Importer(2089858483,0ecaa5967403d082aa24f35e1b516d23) Generated GUIDs only implemented for interfaces!
 -> (artifact id: '11a2706041cd0699951069ad50d53207') in 0.093003 seconds 
Number of asset objects unloaded after import = 2
========================================================================
Received Import Request.
  Time since last request: 0.000025 seconds.
  path: Assets/SampleSceneAssets/Materials/General/Fabric_Mat.mat
  artifactKey: Guid(d7e92d5116171344ba594f9d547cd085) Importer(2089858483,0ecaa5967403d082aa24f35e1b516d23)
Number of updated assets reloaded before import = 0
Start importing Assets/SampleSceneAssets/Materials/General/Fabric_Mat.mat using Guid(d7e92d5116171344ba594f9d547cd085) Importer(2089858483,0ecaa5967403d082aa24f35e1b516d23) Generated GUIDs only implemented for interfaces!
 -> (artifact id: '89eb60fcf2966e2e617fd5708c4b6531') in 0.054810 seconds 
Number of asset objects unloaded after import = 4
========================================================================
Received Import Request.
  Time since last request: 0.000042 seconds.
  path: Assets/SampleSceneAssets/Textures/General/Bush_01_Normal.png
  artifactKey: Guid(f9d8b252b0a372e409bd532d908b970d) Importer(2089858483,0ecaa5967403d082aa24f35e1b516d23)
Number of updated assets reloaded before import = 0
Start importing Assets/SampleSceneAssets/Textures/General/Bush_01_Normal.png using Guid(f9d8b252b0a372e409bd532d908b970d) Importer(2089858483,0ecaa5967403d082aa24f35e1b516d23) Generated GUIDs only implemented for interfaces!
 -> (artifact id: '7a246e3be389dbe352d8753e3077306c') in 0.036503 seconds 
Number of asset objects unloaded after import = 1
========================================================================
Received Import Request.
  Time since last request: 0.000030 seconds.
  path: Assets/SampleSceneAssets/Textures/General/ConcreteMatteGrey_Normal.png
  artifactKey: Guid(220d1c644e262794d9fff5f4c5543142) Importer(2089858483,0ecaa5967403d082aa24f35e1b516d23)
Number of updated assets reloaded before import = 0
Start importing Assets/SampleSceneAssets/Textures/General/ConcreteMatteGrey_Normal.png using Guid(220d1c644e262794d9fff5f4c5543142) Importer(2089858483,0ecaa5967403d082aa24f35e1b516d23) Generated GUIDs only implemented for interfaces!
 -> (artifact id: '0b8fd121334a56994d82b733ed473102') in 0.035862 seconds 
Number of asset objects unloaded after import = 1
========================================================================
Received Import Request.
  Time since last request: 0.000026 seconds.
  path: Assets/SampleSceneAssets/Materials/General/DecalWearDark_Mat.mat
  artifactKey: Guid(b1441bdf13e2e4c43a6f92783fe4adef) Importer(2089858483,0ecaa5967403d082aa24f35e1b516d23)
Number of updated assets reloaded before import = 0
Start importing Assets/SampleSceneAssets/Materials/General/DecalWearDark_Mat.mat using Guid(b1441bdf13e2e4c43a6f92783fe4adef) Importer(2089858483,0ecaa5967403d082aa24f35e1b516d23) Generated GUIDs only implemented for interfaces!
 -> (artifact id: '1d64d5bbf4cf1be1eaddd1a1b869cf45') in 0.061579 seconds 
Number of asset objects unloaded after import = 4
========================================================================
Received Import Request.
  Time since last request: 0.000028 seconds.
  path: Assets/SampleSceneAssets/Settings/LightmapParameters/CurveWall.giparams
  artifactKey: Guid(4c6fdc915b7fe464d8a0e3f4ac7cf178) Importer(2089858483,0ecaa5967403d082aa24f35e1b516d23)
Number of updated assets reloaded before import = 0
Start importing Assets/SampleSceneAssets/Settings/LightmapParameters/CurveWall.giparams using Guid(4c6fdc915b7fe464d8a0e3f4ac7cf178) Importer(2089858483,0ecaa5967403d082aa24f35e1b516d23) Generated GUIDs only implemented for interfaces!
 -> (artifact id: '4e7dfad85a0314fa66d6a24db6534f5f') in 0.025828 seconds 
Number of asset objects unloaded after import = 1
========================================================================
Received Import Request.
  Time since last request: 0.000037 seconds.
  path: Assets/SampleSceneAssets/Animations/ScreenshotsTimeline.playable
  artifactKey: Guid(a68e4ad89ad65c04981239cc0044a707) Importer(2089858483,0ecaa5967403d082aa24f35e1b516d23)
Number of updated assets reloaded before import = 0
Start importing Assets/SampleSceneAssets/Animations/ScreenshotsTimeline.playable using Guid(a68e4ad89ad65c04981239cc0044a707) Importer(2089858483,0ecaa5967403d082aa24f35e1b516d23) Generated GUIDs only implemented for interfaces!
 -> (artifact id: '57bfb346249925233c6c7b89a918745a') in 0.066490 seconds 
Number of asset objects unloaded after import = 22
========================================================================
Received Import Request.
  Time since last request: 0.000023 seconds.
  path: Assets/SampleSceneAssets/Textures/General/DecalWear_Normal.tga
  artifactKey: Guid(c5fd83a446ae0c042a0d7296d58e7271) Importer(2089858483,0ecaa5967403d082aa24f35e1b516d23)
Number of updated assets reloaded before import = 0
Start importing Assets/SampleSceneAssets/Textures/General/DecalWear_Normal.tga using Guid(c5fd83a446ae0c042a0d7296d58e7271) Importer(2089858483,0ecaa5967403d082aa24f35e1b516d23) Generated GUIDs only implemented for interfaces!
 -> (artifact id: '5eb05cdb0a247a6323b834b2a5fb2f3c') in 0.031149 seconds 
Number of asset objects unloaded after import = 1
========================================================================
Received Import Request.
  Time since last request: 0.000024 seconds.
  path: Assets/SampleSceneAssets/Textures/General/Fabric_Albedo.png
  artifactKey: Guid(4979da18f5375524bbe219a2fc4f1900) Importer(2089858483,0ecaa5967403d082aa24f35e1b516d23)
Number of updated assets reloaded before import = 0
Start importing Assets/SampleSceneAssets/Textures/General/Fabric_Albedo.png using Guid(4979da18f5375524bbe219a2fc4f1900) Importer(2089858483,0ecaa5967403d082aa24f35e1b516d23) Generated GUIDs only implemented for interfaces!
 -> (artifact id: '2f8dbe2b797bdbf8b7af19af98f8d7a9') in 0.030163 seconds 
Number of asset objects unloaded after import = 1
========================================================================
Received Import Request.
  Time since last request: 0.000028 seconds.
  path: Assets/SampleSceneAssets/Controllers/Common/BasicRigidBodyPush.cs
  artifactKey: Guid(909d917d73a63f940ac158d02e936645) Importer(2089858483,0ecaa5967403d082aa24f35e1b516d23)
Number of updated assets reloaded before import = 0
Start importing Assets/SampleSceneAssets/Controllers/Common/BasicRigidBodyPush.cs using Guid(909d917d73a63f940ac158d02e936645) Importer(2089858483,0ecaa5967403d082aa24f35e1b516d23) Generated GUIDs only implemented for interfaces!
 -> (artifact id: 'b656b262957e20619992f062c018cc9c') in 0.017773 seconds 
Number of asset objects unloaded after import = 0
========================================================================
Received Import Request.
  Time since last request: 0.000041 seconds.
  path: Assets/SampleSceneAssets/Settings/LightmapParameters/Pillars.giparams
  artifactKey: Guid(fd081ce2823314a408b7e03dede13226) Importer(2089858483,0ecaa5967403d082aa24f35e1b516d23)
Number of updated assets reloaded before import = 0
Start importing Assets/SampleSceneAssets/Settings/LightmapParameters/Pillars.giparams using Guid(fd081ce2823314a408b7e03dede13226) Importer(2089858483,0ecaa5967403d082aa24f35e1b516d23) Generated GUIDs only implemented for interfaces!
 -> (artifact id: '49fe740d5ab6ee4b4eac0c96d9f1a76e') in 0.025206 seconds 
Number of asset objects unloaded after import = 1
========================================================================
Received Import Request.
  Time since last request: 0.000024 seconds.
  path: Assets/SampleSceneAssets/Textures/General/Brass_MAODS.png
  artifactKey: Guid(3008d6bc83d360041817752724fa2f4e) Importer(2089858483,0ecaa5967403d082aa24f35e1b516d23)
Number of updated assets reloaded before import = 0
Start importing Assets/SampleSceneAssets/Textures/General/Brass_MAODS.png using Guid(3008d6bc83d360041817752724fa2f4e) Importer(2089858483,0ecaa5967403d082aa24f35e1b516d23) Generated GUIDs only implemented for interfaces!
 -> (artifact id: '4f12cb07106a4d0540c3138070ea3b4f') in 0.020972 seconds 
Number of asset objects unloaded after import = 1
========================================================================
Received Import Request.
  Time since last request: 0.000021 seconds.
  path: Assets/SampleSceneAssets/Settings/Volumes/VolumeGlobal.asset
  artifactKey: Guid(7f342610b85f4164f808a1f380dcc668) Importer(2089858483,0ecaa5967403d082aa24f35e1b516d23)
Number of updated assets reloaded before import = 0
Start importing Assets/SampleSceneAssets/Settings/Volumes/VolumeGlobal.asset using Guid(7f342610b85f4164f808a1f380dcc668) Importer(2089858483,0ecaa5967403d082aa24f35e1b516d23) Generated GUIDs only implemented for interfaces!
 -> (artifact id: 'c6d3f4ae9821a003640753da89b20076') in 0.019187 seconds 
Number of asset objects unloaded after import = 15
========================================================================
Received Import Request.
  Time since last request: 0.000026 seconds.
  path: Assets/SampleSceneAssets/Textures/General/DecalSheet_01A_MOADS.png
  artifactKey: Guid(875044e800abcbe47985126630618483) Importer(2089858483,0ecaa5967403d082aa24f35e1b516d23)
Number of updated assets reloaded before import = 0
Start importing Assets/SampleSceneAssets/Textures/General/DecalSheet_01A_MOADS.png using Guid(875044e800abcbe47985126630618483) Importer(2089858483,0ecaa5967403d082aa24f35e1b516d23) Generated GUIDs only implemented for interfaces!
 -> (artifact id: '8e612fa7c8e92cd9448e60ef6be3d785') in 0.033204 seconds 
Number of asset objects unloaded after import = 1
========================================================================
Received Import Request.
  Time since last request: 0.000028 seconds.
  path: Assets/SampleSceneAssets/Textures/General/Fabric_Normal.png
  artifactKey: Guid(f405b09ae172b7142abe821e0c6dad19) Importer(2089858483,0ecaa5967403d082aa24f35e1b516d23)
Number of updated assets reloaded before import = 0
Start importing Assets/SampleSceneAssets/Textures/General/Fabric_Normal.png using Guid(f405b09ae172b7142abe821e0c6dad19) Importer(2089858483,0ecaa5967403d082aa24f35e1b516d23) Generated GUIDs only implemented for interfaces!
 -> (artifact id: '083c2df24b0257e6fd1676420540ac20') in 0.026816 seconds 
Number of asset objects unloaded after import = 1
========================================================================
Received Import Request.
  Time since last request: 0.000038 seconds.
  path: Assets/SampleSceneAssets/Textures/General/WoodLight_Normal.png
  artifactKey: Guid(96c8cb799a1a9db49ac4ced89b731203) Importer(2089858483,0ecaa5967403d082aa24f35e1b516d23)
Number of updated assets reloaded before import = 0
Start importing Assets/SampleSceneAssets/Textures/General/WoodLight_Normal.png using Guid(96c8cb799a1a9db49ac4ced89b731203) Importer(2089858483,0ecaa5967403d082aa24f35e1b516d23) Generated GUIDs only implemented for interfaces!
 -> (artifact id: 'c7de8597771335940bdae35a87c39b4c') in 0.032280 seconds 
Number of asset objects unloaded after import = 1
========================================================================
Received Import Request.
  Time since last request: 0.000022 seconds.
  path: Assets/SampleSceneAssets/Textures/General/Rock_A_MaskMap.png
  artifactKey: Guid(baca794092305174e9d24bc5dd89d24d) Importer(2089858483,0ecaa5967403d082aa24f35e1b516d23)
Number of updated assets reloaded before import = 0
Start importing Assets/SampleSceneAssets/Textures/General/Rock_A_MaskMap.png using Guid(baca794092305174e9d24bc5dd89d24d) Importer(2089858483,0ecaa5967403d082aa24f35e1b516d23) Generated GUIDs only implemented for interfaces!
 -> (artifact id: 'f08916531b9c9f71fb46d75263fe7918') in 0.043922 seconds 
Number of asset objects unloaded after import = 1
========================================================================
Received Import Request.
  Time since last request: 0.000026 seconds.
  path: Assets/SampleSceneAssets/Textures/LightCookie/SpotLight_Cookie.png
  artifactKey: Guid(c3097fbf5286afe4692f9d336db11daa) Importer(2089858483,0ecaa5967403d082aa24f35e1b516d23)
Number of updated assets reloaded before import = 0
Start importing Assets/SampleSceneAssets/Textures/LightCookie/SpotLight_Cookie.png using Guid(c3097fbf5286afe4692f9d336db11daa) Importer(2089858483,0ecaa5967403d082aa24f35e1b516d23) Generated GUIDs only implemented for interfaces!
 -> (artifact id: 'f44e7dac1aade8e696bb1034d3d16abf') in 0.038349 seconds 
Number of asset objects unloaded after import = 1
========================================================================
Received Import Request.
  Time since last request: 0.000032 seconds.
  path: Assets/SampleSceneAssets/Particles/FallingLeaves.vfx
  artifactKey: Guid(bf2740e433dd7c74790d9025218fb541) Importer(2089858483,0ecaa5967403d082aa24f35e1b516d23)
Number of updated assets reloaded before import = 0
Start importing Assets/SampleSceneAssets/Particles/FallingLeaves.vfx using Guid(bf2740e433dd7c74790d9025218fb541) Importer(2089858483,0ecaa5967403d082aa24f35e1b516d23) Generated GUIDs only implemented for interfaces!
 -> (artifact id: 'a95271a986c248aedd7cf3554a5e55a9') in 0.036901 seconds 
Number of asset objects unloaded after import = 4
========================================================================
Received Import Request.
  Time since last request: 0.000040 seconds.
  path: Assets/SampleSceneAssets/Settings/LightingSettings/LightingSettings3High.lighting
  artifactKey: Guid(ee2d11691bfc5384b89d821ffe96a394) Importer(2089858483,0ecaa5967403d082aa24f35e1b516d23)
Number of updated assets reloaded before import = 0
Start importing Assets/SampleSceneAssets/Settings/LightingSettings/LightingSettings3High.lighting using Guid(ee2d11691bfc5384b89d821ffe96a394) Importer(2089858483,0ecaa5967403d082aa24f35e1b516d23) LightingSettings: switching bake backend from 1 to 2.
Generated GUIDs only implemented for interfaces!
 -> (artifact id: 'd76b3d90a12811eb4e2875b45757c268') in 0.030414 seconds 
Number of asset objects unloaded after import = 1
========================================================================
Received Import Request.
  Time since last request: 0.000025 seconds.
  path: Assets/SampleSceneAssets/Textures/General/DecalSheet_01A_BC.png
  artifactKey: Guid(989cdd44d30f8c940ab150bdccfd5beb) Importer(2089858483,0ecaa5967403d082aa24f35e1b516d23)
Number of updated assets reloaded before import = 0
Start importing Assets/SampleSceneAssets/Textures/General/DecalSheet_01A_BC.png using Guid(989cdd44d30f8c940ab150bdccfd5beb) Importer(2089858483,0ecaa5967403d082aa24f35e1b516d23) Generated GUIDs only implemented for interfaces!
 -> (artifact id: '7ccf773d7d553de9ec97a73230d83913') in 0.029932 seconds 
Number of asset objects unloaded after import = 1
========================================================================
Received Import Request.
  Time since last request: 0.000088 seconds.
  path: Assets/SampleSceneAssets/Textures/General/ConcreteMatteGrey_Albedo.png
  artifactKey: Guid(218a2347bc3ab2f4a90790e60b49b388) Importer(2089858483,0ecaa5967403d082aa24f35e1b516d23)
Number of updated assets reloaded before import = 0
Start importing Assets/SampleSceneAssets/Textures/General/ConcreteMatteGrey_Albedo.png using Guid(218a2347bc3ab2f4a90790e60b49b388) Importer(2089858483,0ecaa5967403d082aa24f35e1b516d23) Generated GUIDs only implemented for interfaces!
 -> (artifact id: '66d367b0c756dac32fbcd22d467b5f67') in 0.031500 seconds 
Number of asset objects unloaded after import = 1
========================================================================
Received Import Request.
  Time since last request: 0.000029 seconds.
  path: Assets/SampleSceneAssets/Tutorials/Assets/LightProbes-2.png
  artifactKey: Guid(dba7af2c858b3e8419de858d1f56abb5) Importer(2089858483,0ecaa5967403d082aa24f35e1b516d23)
Number of updated assets reloaded before import = 0
Start importing Assets/SampleSceneAssets/Tutorials/Assets/LightProbes-2.png using Guid(dba7af2c858b3e8419de858d1f56abb5) Importer(2089858483,0ecaa5967403d082aa24f35e1b516d23) Generated GUIDs only implemented for interfaces!
 -> (artifact id: '9fd13ccace7070537fbb925a036c6924') in 0.039388 seconds 
Number of asset objects unloaded after import = 1
========================================================================
Received Import Request.
  Time since last request: 0.000042 seconds.
  path: Assets/SampleSceneAssets/Tutorials/Assets/Decals-2.png
  artifactKey: Guid(3ce24392a19ec32408d871e7d9fd3a18) Importer(2089858483,0ecaa5967403d082aa24f35e1b516d23)
Number of updated assets reloaded before import = 0
Start importing Assets/SampleSceneAssets/Tutorials/Assets/Decals-2.png using Guid(3ce24392a19ec32408d871e7d9fd3a18) Importer(2089858483,0ecaa5967403d082aa24f35e1b516d23) Generated GUIDs only implemented for interfaces!
 -> (artifact id: '6913c40e00026360ed1e04c36a00398b') in 0.029669 seconds 
Number of asset objects unloaded after import = 1
========================================================================
Received Import Request.
  Time since last request: 0.000025 seconds.
  path: Assets/SampleSceneAssets/Tutorials/Assets/Sky-1.png
  artifactKey: Guid(8d2b462398d6d8d43be9ae973c781087) Importer(2089858483,0ecaa5967403d082aa24f35e1b516d23)
Number of updated assets reloaded before import = 0
Start importing Assets/SampleSceneAssets/Tutorials/Assets/Sky-1.png using Guid(8d2b462398d6d8d43be9ae973c781087) Importer(2089858483,0ecaa5967403d082aa24f35e1b516d23) Generated GUIDs only implemented for interfaces!
 -> (artifact id: '0a72e5dcec775c1e5a33f7372b6d1a20') in 0.030554 seconds 
Number of asset objects unloaded after import = 1
========================================================================
Received Import Request.
  Time since last request: 0.000030 seconds.
  path: Assets/SampleSceneAssets/Textures/General/Bamboo_A_Thickness.png
  artifactKey: Guid(f6e15ec362c60e74cb03d3353528f79c) Importer(2089858483,0ecaa5967403d082aa24f35e1b516d23)
Number of updated assets reloaded before import = 0
Start importing Assets/SampleSceneAssets/Textures/General/Bamboo_A_Thickness.png using Guid(f6e15ec362c60e74cb03d3353528f79c) Importer(2089858483,0ecaa5967403d082aa24f35e1b516d23) Generated GUIDs only implemented for interfaces!
 -> (artifact id: '3443138243933198429d7d9df17a3d30') in 0.033624 seconds 
Number of asset objects unloaded after import = 1
========================================================================
Received Import Request.
  Time since last request: 0.000029 seconds.
  path: Assets/HDRPDefaultResources/DefaultSceneRoot.prefab
  artifactKey: Guid(2bfa7b9d63fa79e4abdc033f54a868d2) Importer(2089858483,0ecaa5967403d082aa24f35e1b516d23)
Number of updated assets reloaded before import = 0
Start importing Assets/HDRPDefaultResources/DefaultSceneRoot.prefab using Guid(2bfa7b9d63fa79e4abdc033f54a868d2) Importer(2089858483,0ecaa5967403d082aa24f35e1b516d23) Generated GUIDs only implemented for interfaces!
 -> (artifact id: '9a554cacdb715129322bdeac9e43d945') in 0.042629 seconds 
Number of asset objects unloaded after import = 16
========================================================================
Received Import Request.
  Time since last request: 0.000036 seconds.
  path: Assets/SampleSceneAssets/Textures/DensityVolumeTextures/3d_fractal_noise_sample01.tga
  artifactKey: Guid(836429d92e1b49443b7743362fdeb1fe) Importer(2089858483,0ecaa5967403d082aa24f35e1b516d23)
Number of updated assets reloaded before import = 0
Start importing Assets/SampleSceneAssets/Textures/DensityVolumeTextures/3d_fractal_noise_sample01.tga using Guid(836429d92e1b49443b7743362fdeb1fe) Importer(2089858483,0ecaa5967403d082aa24f35e1b516d23) Generated GUIDs only implemented for interfaces!
 -> (artifact id: '88f0b9eb48b83a7b8df3acd43fedbe8b') in 0.036815 seconds 
Number of asset objects unloaded after import = 1
========================================================================
Received Import Request.
  Time since last request: 0.000028 seconds.
  path: Assets/SampleSceneAssets/Tutorials/Icons/icon--hdrp-setting@2x.png
  artifactKey: Guid(67d4b8ade7870e14dac05b712639ffec) Importer(2089858483,0ecaa5967403d082aa24f35e1b516d23)
Number of updated assets reloaded before import = 0
Start importing Assets/SampleSceneAssets/Tutorials/Icons/icon--hdrp-setting@2x.png using Guid(67d4b8ade7870e14dac05b712639ffec) Importer(2089858483,0ecaa5967403d082aa24f35e1b516d23) Generated GUIDs only implemented for interfaces!
 -> (artifact id: '36c1ba0b96c8d59e7ed75bbb9be717d0') in 0.040164 seconds 
Number of asset objects unloaded after import = 1
========================================================================
Received Import Request.
  Time since last request: 0.000027 seconds.
  path: Assets/SampleSceneAssets/Tutorials/Icons/icon--diagonal-lines@2x.png
  artifactKey: Guid(79088f035ec32514bb2f78efa840070c) Importer(2089858483,0ecaa5967403d082aa24f35e1b516d23)
Number of updated assets reloaded before import = 0
Start importing Assets/SampleSceneAssets/Tutorials/Icons/icon--diagonal-lines@2x.png using Guid(79088f035ec32514bb2f78efa840070c) Importer(2089858483,0ecaa5967403d082aa24f35e1b516d23) Generated GUIDs only implemented for interfaces!
 -> (artifact id: 'd179079ca01d8c2ca245e85b71bb650a') in 0.028220 seconds 
Number of asset objects unloaded after import = 1
========================================================================
Received Import Request.
  Time since last request: 0.000032 seconds.
  path: Assets/SampleSceneAssets/Tutorials/Assets/VFX-3.png
  artifactKey: Guid(e4fbcdb6245fe674c8c60a14aa2578ed) Importer(2089858483,0ecaa5967403d082aa24f35e1b516d23)
Number of updated assets reloaded before import = 0
Start importing Assets/SampleSceneAssets/Tutorials/Assets/VFX-3.png using Guid(e4fbcdb6245fe674c8c60a14aa2578ed) Importer(2089858483,0ecaa5967403d082aa24f35e1b516d23) Generated GUIDs only implemented for interfaces!
 -> (artifact id: '7b22b1dd6be364e0e6dc2ca2c5b7fc23') in 0.026694 seconds 
Number of asset objects unloaded after import = 1
========================================================================
Received Import Request.
  Time since last request: 0.000045 seconds.
  path: Assets/SampleSceneAssets/Textures/General/WoodLight_DetailMap.png
  artifactKey: Guid(903a1b0a71996484683b058c393d95d5) Importer(2089858483,0ecaa5967403d082aa24f35e1b516d23)
Number of updated assets reloaded before import = 0
Start importing Assets/SampleSceneAssets/Textures/General/WoodLight_DetailMap.png using Guid(903a1b0a71996484683b058c393d95d5) Importer(2089858483,0ecaa5967403d082aa24f35e1b516d23) Generated GUIDs only implemented for interfaces!
 -> (artifact id: '3f14f53bb4425d02e83a416b0286c6fa') in 0.036868 seconds 
Number of asset objects unloaded after import = 1
========================================================================
Received Import Request.
  Time since last request: 0.000029 seconds.
  path: Assets/SampleSceneAssets/Tutorials/Icons/icon--exposure@2x.png
  artifactKey: Guid(297cae5beb9f66340b565929d08f84ed) Importer(2089858483,0ecaa5967403d082aa24f35e1b516d23)
Number of updated assets reloaded before import = 0
Start importing Assets/SampleSceneAssets/Tutorials/Icons/icon--exposure@2x.png using Guid(297cae5beb9f66340b565929d08f84ed) Importer(2089858483,0ecaa5967403d082aa24f35e1b516d23) Generated GUIDs only implemented for interfaces!
 -> (artifact id: '841f944940b07409a1152c41f891bd76') in 0.031078 seconds 
Number of asset objects unloaded after import = 1
========================================================================
Received Import Request.
  Time since last request: 0.000030 seconds.
  path: Assets/SampleSceneAssets/Tutorials/Assets/VFX-4.png
  artifactKey: Guid(c50be1bc8c9e370409ee0f5f858d62f2) Importer(2089858483,0ecaa5967403d082aa24f35e1b516d23)
Number of updated assets reloaded before import = 0
Start importing Assets/SampleSceneAssets/Tutorials/Assets/VFX-4.png using Guid(c50be1bc8c9e370409ee0f5f858d62f2) Importer(2089858483,0ecaa5967403d082aa24f35e1b516d23) Generated GUIDs only implemented for interfaces!
 -> (artifact id: '60b6f6bcbb05adf19018c05821af2173') in 0.033952 seconds 
Number of asset objects unloaded after import = 1
========================================================================
Received Import Request.
  Time since last request: 0.000031 seconds.
  path: Assets/SampleSceneAssets/Tutorials/Assets/BakedLighting-4.png
  artifactKey: Guid(3facb2adee4a1ec48b5f1b9ccf2a0c4f) Importer(2089858483,0ecaa5967403d082aa24f35e1b516d23)
Number of updated assets reloaded before import = 0
Start importing Assets/SampleSceneAssets/Tutorials/Assets/BakedLighting-4.png using Guid(3facb2adee4a1ec48b5f1b9ccf2a0c4f) Importer(2089858483,0ecaa5967403d082aa24f35e1b516d23) Generated GUIDs only implemented for interfaces!
 -> (artifact id: 'b4f82687d1c22c3111c68d97ad1d3e8d') in 0.035294 seconds 
Number of asset objects unloaded after import = 1
========================================================================
Received Import Request.
  Time since last request: 0.000038 seconds.
  path: Assets/SampleSceneAssets/Tutorials/Pages/LightLayers_04.asset
  artifactKey: Guid(14e6a9b57c746da43b669bbbd8f0d6ea) Importer(2089858483,0ecaa5967403d082aa24f35e1b516d23)
Number of updated assets reloaded before import = 0
Start importing Assets/SampleSceneAssets/Tutorials/Pages/LightLayers_04.asset using Guid(14e6a9b57c746da43b669bbbd8f0d6ea) Importer(2089858483,0ecaa5967403d082aa24f35e1b516d23) Generated GUIDs only implemented for interfaces!
 -> (artifact id: 'ff9ed759f4f7c0df425c3e7debec18f3') in 0.052714 seconds 
Number of asset objects unloaded after import = 2
========================================================================
Received Import Request.
  Time since last request: 0.000025 seconds.
  path: Assets/SampleSceneAssets/Tutorials/Pages/LightLayers_03.asset
  artifactKey: Guid(e8b5adac3ed5cb541bf65fd970b9f309) Importer(2089858483,0ecaa5967403d082aa24f35e1b516d23)
Number of updated assets reloaded before import = 0
Start importing Assets/SampleSceneAssets/Tutorials/Pages/LightLayers_03.asset using Guid(e8b5adac3ed5cb541bf65fd970b9f309) Importer(2089858483,0ecaa5967403d082aa24f35e1b516d23) Generated GUIDs only implemented for interfaces!
 -> (artifact id: '0ab60db5a64834bda7bb5bf6eb2b1583') in 0.022050 seconds 
Number of asset objects unloaded after import = 2
========================================================================
Received Import Request.
  Time since last request: 0.000096 seconds.
  path: Assets/SampleSceneAssets/Tutorials/Pages/HDRPSettings_01.asset
  artifactKey: Guid(b7394321e622a934ea3f556bd066d443) Importer(2089858483,0ecaa5967403d082aa24f35e1b516d23)
Number of updated assets reloaded before import = 0
Start importing Assets/SampleSceneAssets/Tutorials/Pages/HDRPSettings_01.asset using Guid(b7394321e622a934ea3f556bd066d443) Importer(2089858483,0ecaa5967403d082aa24f35e1b516d23) Generated GUIDs only implemented for interfaces!
 -> (artifact id: 'e016ea6a742f58691d5786cdebc7ed66') in 0.022880 seconds 
Number of asset objects unloaded after import = 2
========================================================================
Received Import Request.
  Time since last request: 0.000032 seconds.
  path: Assets/SampleSceneAssets/Tutorials/Pages/HDRPSettings_03.asset
  artifactKey: Guid(329ddf25aa3c071458389c5a5db3f914) Importer(2089858483,0ecaa5967403d082aa24f35e1b516d23)
Number of updated assets reloaded before import = 0
Start importing Assets/SampleSceneAssets/Tutorials/Pages/HDRPSettings_03.asset using Guid(329ddf25aa3c071458389c5a5db3f914) Importer(2089858483,0ecaa5967403d082aa24f35e1b516d23) Generated GUIDs only implemented for interfaces!
 -> (artifact id: 'b8c3dfe012fc39b44566dfcae9edac9f') in 0.022754 seconds 
Number of asset objects unloaded after import = 2
========================================================================
Received Import Request.
  Time since last request: 0.000040 seconds.
  path: Assets/SampleSceneAssets/Tutorials/Pages/Decals_03.asset
  artifactKey: Guid(e656046daf821a042b733831231132ed) Importer(2089858483,0ecaa5967403d082aa24f35e1b516d23)
Number of updated assets reloaded before import = 0
Start importing Assets/SampleSceneAssets/Tutorials/Pages/Decals_03.asset using Guid(e656046daf821a042b733831231132ed) Importer(2089858483,0ecaa5967403d082aa24f35e1b516d23) Generated GUIDs only implemented for interfaces!
 -> (artifact id: 'dff75d639edf0534156129fd98f7b622') in 0.021889 seconds 
Number of asset objects unloaded after import = 2
========================================================================
Received Import Request.
  Time since last request: 0.000023 seconds.
  path: Assets/SampleSceneAssets/Tutorials/Assets/LightLayers-1.png
  artifactKey: Guid(35e1058e589b4fe4385fab090aea92f2) Importer(2089858483,0ecaa5967403d082aa24f35e1b516d23)
Number of updated assets reloaded before import = 0
Start importing Assets/SampleSceneAssets/Tutorials/Assets/LightLayers-1.png using Guid(35e1058e589b4fe4385fab090aea92f2) Importer(2089858483,0ecaa5967403d082aa24f35e1b516d23) Generated GUIDs only implemented for interfaces!
 -> (artifact id: '5ab7fcd8ae89f8c4418f09ebb17e88b3') in 0.033735 seconds 
Number of asset objects unloaded after import = 1
========================================================================
Received Import Request.
  Time since last request: 0.000027 seconds.
  path: Assets/SampleSceneAssets/Tutorials/Pages/VFX_01.asset
  artifactKey: Guid(6ea5c7dda6021ac49a6860575e2af03c) Importer(2089858483,0ecaa5967403d082aa24f35e1b516d23)
Number of updated assets reloaded before import = 0
Start importing Assets/SampleSceneAssets/Tutorials/Pages/VFX_01.asset using Guid(6ea5c7dda6021ac49a6860575e2af03c) Importer(2089858483,0ecaa5967403d082aa24f35e1b516d23) Generated GUIDs only implemented for interfaces!
 -> (artifact id: 'b8991039382e0890c9acf75f4ec3b85a') in 0.021750 seconds 
Number of asset objects unloaded after import = 2
========================================================================
Received Import Request.
  Time since last request: 0.000027 seconds.
  path: Assets/SampleSceneAssets/Tutorials/Pages/PBL_04.asset
  artifactKey: Guid(014a540c68c10af49ba10fa918470b8f) Importer(2089858483,0ecaa5967403d082aa24f35e1b516d23)
Number of updated assets reloaded before import = 0
Start importing Assets/SampleSceneAssets/Tutorials/Pages/PBL_04.asset using Guid(014a540c68c10af49ba10fa918470b8f) Importer(2089858483,0ecaa5967403d082aa24f35e1b516d23) Generated GUIDs only implemented for interfaces!
 -> (artifact id: 'a66840da830e0d3e8122bd1e98528888') in 0.023949 seconds 
Number of asset objects unloaded after import = 2
========================================================================
Received Import Request.
  Time since last request: 0.000034 seconds.
  path: Assets/SampleSceneAssets/Tutorials/Pages/ReflectionProbes_02.asset
  artifactKey: Guid(6095fcfd0c49b0f47bb3279aa67391c5) Importer(2089858483,0ecaa5967403d082aa24f35e1b516d23)
Number of updated assets reloaded before import = 0
Start importing Assets/SampleSceneAssets/Tutorials/Pages/ReflectionProbes_02.asset using Guid(6095fcfd0c49b0f47bb3279aa67391c5) Importer(2089858483,0ecaa5967403d082aa24f35e1b516d23) Generated GUIDs only implemented for interfaces!
 -> (artifact id: '5c39f1ab1794c24f46978d8084cf306f') in 0.021157 seconds 
Number of asset objects unloaded after import = 2
========================================================================
Received Import Request.
  Time since last request: 0.000030 seconds.
  path: Assets/SampleSceneAssets/Tutorials/Pages/LocalVolumetricFog_03.asset
  artifactKey: Guid(9bc5e0638b9ffe645b70ccefb37b9060) Importer(2089858483,0ecaa5967403d082aa24f35e1b516d23)
Number of updated assets reloaded before import = 0
Start importing Assets/SampleSceneAssets/Tutorials/Pages/LocalVolumetricFog_03.asset using Guid(9bc5e0638b9ffe645b70ccefb37b9060) Importer(2089858483,0ecaa5967403d082aa24f35e1b516d23) Generated GUIDs only implemented for interfaces!
 -> (artifact id: '7da9d925296e0964cec65f23517602ca') in 0.026865 seconds 
Number of asset objects unloaded after import = 2
========================================================================
Received Import Request.
  Time since last request: 0.000026 seconds.
  path: Assets/SampleSceneAssets/Tutorials/Pages/Volumes_03.asset
  artifactKey: Guid(0f98f4ed80b5fd646b0c68d104f13dfd) Importer(2089858483,0ecaa5967403d082aa24f35e1b516d23)
Number of updated assets reloaded before import = 0
Start importing Assets/SampleSceneAssets/Tutorials/Pages/Volumes_03.asset using Guid(0f98f4ed80b5fd646b0c68d104f13dfd) Importer(2089858483,0ecaa5967403d082aa24f35e1b516d23) Generated GUIDs only implemented for interfaces!
 -> (artifact id: 'c1c4a071edbebaf497b489dd0742da71') in 0.020284 seconds 
Number of asset objects unloaded after import = 2
========================================================================
Received Import Request.
  Time since last request: 0.000030 seconds.
  path: Assets/SampleSceneAssets/Tutorials/Pages/Volumes_02.asset
  artifactKey: Guid(23652802bc2e14a43a0bed51e2ea96ad) Importer(2089858483,0ecaa5967403d082aa24f35e1b516d23)
Number of updated assets reloaded before import = 0
Start importing Assets/SampleSceneAssets/Tutorials/Pages/Volumes_02.asset using Guid(23652802bc2e14a43a0bed51e2ea96ad) Importer(2089858483,0ecaa5967403d082aa24f35e1b516d23) Generated GUIDs only implemented for interfaces!
 -> (artifact id: 'fc90da4ee867998ae53a96fe0fe6aff5') in 0.025656 seconds 
Number of asset objects unloaded after import = 2
========================================================================
Received Import Request.
  Time since last request: 0.000035 seconds.
  path: Assets/SampleSceneAssets/Tutorials/Pages/Materials_01.asset
  artifactKey: Guid(50e85545d70d56d4a81caddff7e04615) Importer(2089858483,0ecaa5967403d082aa24f35e1b516d23)
Number of updated assets reloaded before import = 0
Start importing Assets/SampleSceneAssets/Tutorials/Pages/Materials_01.asset using Guid(50e85545d70d56d4a81caddff7e04615) Importer(2089858483,0ecaa5967403d082aa24f35e1b516d23) Generated GUIDs only implemented for interfaces!
 -> (artifact id: 'ca3960f457b2bbee6c0622b233bd1ef2') in 0.021294 seconds 
Number of asset objects unloaded after import = 2
========================================================================
Received Import Request.
  Time since last request: 0.000040 seconds.
  path: Assets/SampleSceneAssets/Tutorials/Pages/Materials_04.asset
  artifactKey: Guid(e35d6ccdaaa34d943a7b884c77ea30c1) Importer(2089858483,0ecaa5967403d082aa24f35e1b516d23)
Number of updated assets reloaded before import = 0
Start importing Assets/SampleSceneAssets/Tutorials/Pages/Materials_04.asset using Guid(e35d6ccdaaa34d943a7b884c77ea30c1) Importer(2089858483,0ecaa5967403d082aa24f35e1b516d23) Generated GUIDs only implemented for interfaces!
 -> (artifact id: 'f5ce0ccb133a84530e87059d4a85b9ea') in 0.021741 seconds 
Number of asset objects unloaded after import = 2
========================================================================
Received Import Request.
  Time since last request: 0.000021 seconds.
  path: Assets/SampleSceneAssets/Tutorials/Sections/LocalVolumetricFog.asset
  artifactKey: Guid(2d4fd22e1b9ec5b4bbf9b0d3841fa6ef) Importer(2089858483,0ecaa5967403d082aa24f35e1b516d23)
Number of updated assets reloaded before import = 0
Start importing Assets/SampleSceneAssets/Tutorials/Sections/LocalVolumetricFog.asset using Guid(2d4fd22e1b9ec5b4bbf9b0d3841fa6ef) Importer(2089858483,0ecaa5967403d082aa24f35e1b516d23) d3d12: upload buffer was full! Waited for COPY queue for 1.888 ms.
Generated GUIDs only implemented for interfaces!
 -> (artifact id: '30808ef33b32f83c518e517c73aaa170') in 0.408981 seconds 
Number of asset objects unloaded after import = 135
========================================================================
Received Import Request.
  Time since last request: 0.000026 seconds.
  path: Assets/SampleSceneAssets/Controllers/Common/InputSystem/StarterAssets.inputactions
  artifactKey: Guid(4419d82f33d36e848b3ed5af4c8da37e) Importer(2089858483,0ecaa5967403d082aa24f35e1b516d23)
Number of updated assets reloaded before import = 0
Start importing Assets/SampleSceneAssets/Controllers/Common/InputSystem/StarterAssets.inputactions using Guid(4419d82f33d36e848b3ed5af4c8da37e) Importer(2089858483,0ecaa5967403d082aa24f35e1b516d23) Generated GUIDs only implemented for interfaces!
 -> (artifact id: 'a2f526b4ee093f933a69ba55bbc5b633') in 0.036006 seconds 
Number of asset objects unloaded after import = 6
========================================================================
Received Import Request.
  Time since last request: 0.000040 seconds.
  path: Assets/SampleSceneAssets/Meshes/Structure/Model/SR_CurveWall_01.fbx
  artifactKey: Guid(7d54407955bf782428f29fdef43a314e) Importer(2089858483,0ecaa5967403d082aa24f35e1b516d23)
Number of updated assets reloaded before import = 0
Start importing Assets/SampleSceneAssets/Meshes/Structure/Model/SR_CurveWall_01.fbx using Guid(7d54407955bf782428f29fdef43a314e) Importer(2089858483,0ecaa5967403d082aa24f35e1b516d23) Generated GUIDs only implemented for interfaces!
 -> (artifact id: '0c8341d9b43260bf3df404b8463bd421') in 0.060920 seconds 
Number of asset objects unloaded after import = 14
========================================================================
Received Import Request.
  Time since last request: 0.000027 seconds.
  path: Assets/SampleSceneAssets/Meshes/Structure/Model/ST_Aisle_01.fbx
  artifactKey: Guid(a14c587d20d95c64b87da73879bf5894) Importer(2089858483,0ecaa5967403d082aa24f35e1b516d23)
Number of updated assets reloaded before import = 0
Start importing Assets/SampleSceneAssets/Meshes/Structure/Model/ST_Aisle_01.fbx using Guid(a14c587d20d95c64b87da73879bf5894) Importer(2089858483,0ecaa5967403d082aa24f35e1b516d23) Generated GUIDs only implemented for interfaces!
 -> (artifact id: '23fbcf75a5b6e023852d23ae93ff93f2') in 0.049125 seconds 
Number of asset objects unloaded after import = 14
========================================================================
Received Import Request.
  Time since last request: 0.000063 seconds.
  path: Assets/SampleSceneAssets/Meshes/Structure/Model/SR_SectionFloor_01.fbx
  artifactKey: Guid(a613aa8222f19e441ba4840c930f7489) Importer(2089858483,0ecaa5967403d082aa24f35e1b516d23)
Number of updated assets reloaded before import = 0
Start importing Assets/SampleSceneAssets/Meshes/Structure/Model/SR_SectionFloor_01.fbx using Guid(a613aa8222f19e441ba4840c930f7489) Importer(2089858483,0ecaa5967403d082aa24f35e1b516d23) Generated GUIDs only implemented for interfaces!
 -> (artifact id: 'ab2a4d2d31b8e8b4a1e314b543a52efb') in 0.046969 seconds 
Number of asset objects unloaded after import = 14
========================================================================
Received Import Request.
  Time since last request: 0.000032 seconds.
  path: Assets/SampleSceneAssets/Tutorials/Sections/PBL.asset
  artifactKey: Guid(57eeee29217d0014889ef2dff656f4bf) Importer(2089858483,0ecaa5967403d082aa24f35e1b516d23)
Number of updated assets reloaded before import = 0
Start importing Assets/SampleSceneAssets/Tutorials/Sections/PBL.asset using Guid(57eeee29217d0014889ef2dff656f4bf) Importer(2089858483,0ecaa5967403d082aa24f35e1b516d23) d3d12: upload buffer was full! Waited for COPY queue for 6.319 ms.
Generated GUIDs only implemented for interfaces!
 -> (artifact id: '1f4a525678177a5431e89f245879a204') in 0.360398 seconds 
Number of asset objects unloaded after import = 135
========================================================================
Received Import Request.
  Time since last request: 0.000044 seconds.
  path: Assets/SampleSceneAssets/Meshes/Structure/Model/TR_Pillar_01.fbx
  artifactKey: Guid(7d044b3abe122574fab0642ca8c24f67) Importer(2089858483,0ecaa5967403d082aa24f35e1b516d23)
Number of updated assets reloaded before import = 0
Start importing Assets/SampleSceneAssets/Meshes/Structure/Model/TR_Pillar_01.fbx using Guid(7d044b3abe122574fab0642ca8c24f67) Importer(2089858483,0ecaa5967403d082aa24f35e1b516d23) Generated GUIDs only implemented for interfaces!
 -> (artifact id: '97c4f9b1031f7cd12293946a023d59ff') in 0.044097 seconds 
Number of asset objects unloaded after import = 14
========================================================================
Received Import Request.
  Time since last request: 0.000025 seconds.
  path: Assets/SampleSceneAssets/Tutorials/Pages/Welcome.asset
  artifactKey: Guid(a28273cd7f7c0514b881b00b32150290) Importer(2089858483,0ecaa5967403d082aa24f35e1b516d23)
Number of updated assets reloaded before import = 0
Start importing Assets/SampleSceneAssets/Tutorials/Pages/Welcome.asset using Guid(a28273cd7f7c0514b881b00b32150290) Importer(2089858483,0ecaa5967403d082aa24f35e1b516d23) Generated GUIDs only implemented for interfaces!
 -> (artifact id: '7731035b1a6ffa97268d26879d5cce6e') in 0.029669 seconds 
Number of asset objects unloaded after import = 2
========================================================================
Received Import Request.
  Time since last request: 0.000024 seconds.
  path: Assets/SampleSceneAssets/Tutorials/Sections/LightCookies.asset
  artifactKey: Guid(a22d74cc7147e584e8bcc596340db0ba) Importer(2089858483,0ecaa5967403d082aa24f35e1b516d23)
Number of updated assets reloaded before import = 0
Start importing Assets/SampleSceneAssets/Tutorials/Sections/LightCookies.asset using Guid(a22d74cc7147e584e8bcc596340db0ba) Importer(2089858483,0ecaa5967403d082aa24f35e1b516d23) d3d12: upload buffer was full! Waited for COPY queue for 1.881 ms.
Generated GUIDs only implemented for interfaces!
 -> (artifact id: '03686e6d1a65e0d223b4a75790358c59') in 0.355886 seconds 
Number of asset objects unloaded after import = 135
========================================================================
Received Import Request.
  Time since last request: 0.000030 seconds.
  path: Assets/SampleSceneAssets/Meshes/Structure/Prefab/TR_SectionA_01.prefab
  artifactKey: Guid(21070906cbcbb6541b8cf1d24a5c4fbc) Importer(2089858483,0ecaa5967403d082aa24f35e1b516d23)
Number of updated assets reloaded before import = 0
Start importing Assets/SampleSceneAssets/Meshes/Structure/Prefab/TR_SectionA_01.prefab using Guid(21070906cbcbb6541b8cf1d24a5c4fbc) Importer(2089858483,0ecaa5967403d082aa24f35e1b516d23) Generated GUIDs only implemented for interfaces!
 -> (artifact id: 'e0c8b2962db5058eba786ec65aa69824') in 0.029382 seconds 
Number of asset objects unloaded after import = 25
========================================================================
Received Import Request.
  Time since last request: 0.000036 seconds.
  path: Assets/SampleSceneAssets/Controllers/ThirdPersonController/Character/Materials/M_Armature_Arms.mat
  artifactKey: Guid(766fd3ff04aab4745a764d33daac86fa) Importer(2089858483,0ecaa5967403d082aa24f35e1b516d23)
Number of updated assets reloaded before import = 0
Start importing Assets/SampleSceneAssets/Controllers/ThirdPersonController/Character/Materials/M_Armature_Arms.mat using Guid(766fd3ff04aab4745a764d33daac86fa) Importer(2089858483,0ecaa5967403d082aa24f35e1b516d23) Generated GUIDs only implemented for interfaces!
 -> (artifact id: '581d51075f0ad2fe0e14b3349533c095') in 0.056106 seconds 
Number of asset objects unloaded after import = 4
========================================================================
Received Import Request.
  Time since last request: 0.000023 seconds.
  path: Assets/SampleSceneAssets/Tutorials/Pages/ReflectionProbes_04.asset
  artifactKey: Guid(ded30510e41cbb94c871232db0187e1c) Importer(2089858483,0ecaa5967403d082aa24f35e1b516d23)
Number of updated assets reloaded before import = 0
Start importing Assets/SampleSceneAssets/Tutorials/Pages/ReflectionProbes_04.asset using Guid(ded30510e41cbb94c871232db0187e1c) Importer(2089858483,0ecaa5967403d082aa24f35e1b516d23) Generated GUIDs only implemented for interfaces!
 -> (artifact id: 'a5d73cd3978f8c18555dbc217667a42c') in 0.021356 seconds 
Number of asset objects unloaded after import = 2
========================================================================
Received Import Request.
  Time since last request: 0.000023 seconds.
  path: Assets/SampleSceneAssets/Meshes/Props/Furniture/Prefabs/RoundTable_01.prefab
  artifactKey: Guid(cac28057e6804de4f808f114b8b6bf56) Importer(2089858483,0ecaa5967403d082aa24f35e1b516d23)
Number of updated assets reloaded before import = 0
Start importing Assets/SampleSceneAssets/Meshes/Props/Furniture/Prefabs/RoundTable_01.prefab using Guid(cac28057e6804de4f808f114b8b6bf56) Importer(2089858483,0ecaa5967403d082aa24f35e1b516d23) Generated GUIDs only implemented for interfaces!
 -> (artifact id: '4a6659942733d1687a603eb88739ff89') in 0.033037 seconds 
Number of asset objects unloaded after import = 90
========================================================================
Received Import Request.
  Time since last request: 0.000033 seconds.
  path: Assets/SampleSceneAssets/Controllers/ThirdPersonController/Character/Textures_Low/Armature_Body_Albedo1k.png
  artifactKey: Guid(387e108b1d5cf484f90a78e53d3729e7) Importer(2089858483,0ecaa5967403d082aa24f35e1b516d23)
Number of updated assets reloaded before import = 0
Start importing Assets/SampleSceneAssets/Controllers/ThirdPersonController/Character/Textures_Low/Armature_Body_Albedo1k.png using Guid(387e108b1d5cf484f90a78e53d3729e7) Importer(2089858483,0ecaa5967403d082aa24f35e1b516d23) Generated GUIDs only implemented for interfaces!
 -> (artifact id: '18112c7d350f1cbf00b72c04270f65ff') in 0.045333 seconds 
Number of asset objects unloaded after import = 1
========================================================================
Received Import Request.
  Time since last request: 0.000032 seconds.
  path: Assets/SampleSceneAssets/Meshes/Props/Furniture/Prefabs/LoungeChair_01.prefab
  artifactKey: Guid(2658dc79455b4694e9b38cd7b9453ff0) Importer(2089858483,0ecaa5967403d082aa24f35e1b516d23)
Number of updated assets reloaded before import = 0
Start importing Assets/SampleSceneAssets/Meshes/Props/Furniture/Prefabs/LoungeChair_01.prefab using Guid(2658dc79455b4694e9b38cd7b9453ff0) Importer(2089858483,0ecaa5967403d082aa24f35e1b516d23) Generated GUIDs only implemented for interfaces!
 -> (artifact id: '20be5e9a4859ded8f1d6ad5abd6835f4') in 0.039219 seconds 
Number of asset objects unloaded after import = 54
========================================================================
Received Import Request.
  Time since last request: 0.000024 seconds.
  path: Assets/SampleSceneAssets/Controllers/ThirdPersonController/Character/Textures_Low/Armature_Body_IridescenceMask.png
  artifactKey: Guid(753320271b349a547ae21eb03a43bd1a) Importer(2089858483,0ecaa5967403d082aa24f35e1b516d23)
Number of updated assets reloaded before import = 0
Start importing Assets/SampleSceneAssets/Controllers/ThirdPersonController/Character/Textures_Low/Armature_Body_IridescenceMask.png using Guid(753320271b349a547ae21eb03a43bd1a) Importer(2089858483,0ecaa5967403d082aa24f35e1b516d23) Generated GUIDs only implemented for interfaces!
 -> (artifact id: 'a3af36b7d1478197243d37fe6c36ad93') in 0.023078 seconds 
Number of asset objects unloaded after import = 1
========================================================================
Received Import Request.
  Time since last request: 0.000023 seconds.
  path: Assets/SampleSceneAssets/Controllers/ThirdPersonController/Character/Textures_Low/Armature_Legs_Normal1k.png
  artifactKey: Guid(6df5bb9518c18644b8f932382cc9109f) Importer(2089858483,0ecaa5967403d082aa24f35e1b516d23)
Number of updated assets reloaded before import = 0
Start importing Assets/SampleSceneAssets/Controllers/ThirdPersonController/Character/Textures_Low/Armature_Legs_Normal1k.png using Guid(6df5bb9518c18644b8f932382cc9109f) Importer(2089858483,0ecaa5967403d082aa24f35e1b516d23) Generated GUIDs only implemented for interfaces!
 -> (artifact id: '31501fcebe5b1cb89549df06f47c568a') in 0.038523 seconds 
Number of asset objects unloaded after import = 1
========================================================================
Received Import Request.
  Time since last request: 0.000020 seconds.
  path: Assets/SampleSceneAssets/Meshes/Props/Furniture/Models/Pot_01.fbx
  artifactKey: Guid(6ab1bb6455af87b4eb54f8d4c9523975) Importer(2089858483,0ecaa5967403d082aa24f35e1b516d23)
Number of updated assets reloaded before import = 0
Start importing Assets/SampleSceneAssets/Meshes/Props/Furniture/Models/Pot_01.fbx using Guid(6ab1bb6455af87b4eb54f8d4c9523975) Importer(2089858483,0ecaa5967403d082aa24f35e1b516d23) Generated GUIDs only implemented for interfaces!
 -> (artifact id: '6490616d48778d8c35f9bbb4a0903ccd') in 0.024972 seconds 
Number of asset objects unloaded after import = 20
========================================================================
Received Import Request.
  Time since last request: 0.000027 seconds.
  path: Assets/SampleSceneAssets/Meshes/Structure/Model/FR_Platform_01.fbx
  artifactKey: Guid(e89a4afe12d9bea49a7ee33cc1b98ab6) Importer(2089858483,0ecaa5967403d082aa24f35e1b516d23)
Number of updated assets reloaded before import = 0
Start importing Assets/SampleSceneAssets/Meshes/Structure/Model/FR_Platform_01.fbx using Guid(e89a4afe12d9bea49a7ee33cc1b98ab6) Importer(2089858483,0ecaa5967403d082aa24f35e1b516d23) Generated GUIDs only implemented for interfaces!
 -> (artifact id: '0f6035444f10b96ea80b2b7a99ef87cc') in 0.026984 seconds 
Number of asset objects unloaded after import = 14
========================================================================
Received Import Request.
  Time since last request: 0.000041 seconds.
  path: Assets/Scenes/SampleScene/ReflectionProbe-6.exr
  artifactKey: Guid(5f7e8b27e7099e44fb458de4bfdcc1d5) Importer(2089858483,0ecaa5967403d082aa24f35e1b516d23)
Number of updated assets reloaded before import = 0
Start importing Assets/Scenes/SampleScene/ReflectionProbe-6.exr using Guid(5f7e8b27e7099e44fb458de4bfdcc1d5) Importer(2089858483,0ecaa5967403d082aa24f35e1b516d23) Generated GUIDs only implemented for interfaces!
 -> (artifact id: 'a943107e31bead7611e8de2d5b2790cb') in 0.047039 seconds 
Number of asset objects unloaded after import = 1
========================================================================
Received Import Request.
  Time since last request: 0.000039 seconds.
  path: Assets/SampleSceneAssets/Meshes/Props/Lights/Prefab/Light_Point_Bulb.prefab
  artifactKey: Guid(b868dedbc9c0a3f469e82cc2ad6f200a) Importer(2089858483,0ecaa5967403d082aa24f35e1b516d23)
Number of updated assets reloaded before import = 0
Start importing Assets/SampleSceneAssets/Meshes/Props/Lights/Prefab/Light_Point_Bulb.prefab using Guid(b868dedbc9c0a3f469e82cc2ad6f200a) Importer(2089858483,0ecaa5967403d082aa24f35e1b516d23) Generated GUIDs only implemented for interfaces!
 -> (artifact id: '23e3e936ae207fc02f47a992d32262cd') in 0.076508 seconds 
Number of asset objects unloaded after import = 9
========================================================================
Received Import Request.
  Time since last request: 0.000028 seconds.
  path: Assets/SampleSceneAssets/Meshes/Props/Nature/Model/Bamboo_D.fbx
  artifactKey: Guid(692379ddfbf364b42a862275c05ccc44) Importer(2089858483,0ecaa5967403d082aa24f35e1b516d23)
Number of updated assets reloaded before import = 0
Start importing Assets/SampleSceneAssets/Meshes/Props/Nature/Model/Bamboo_D.fbx using Guid(692379ddfbf364b42a862275c05ccc44) Importer(2089858483,0ecaa5967403d082aa24f35e1b516d23) Generated GUIDs only implemented for interfaces!
 -> (artifact id: '98b13f3449e0f2505c6206046f2f4e28') in 0.039967 seconds 
Number of asset objects unloaded after import = 20
========================================================================
Received Import Request.
  Time since last request: 0.000031 seconds.
  path: Assets/SampleSceneAssets/Meshes/Props/Lights/Prefab/Light_Spot_800lm.prefab
  artifactKey: Guid(ac937fd9ae94a3a40b3a7185b6b1f0e2) Importer(2089858483,0ecaa5967403d082aa24f35e1b516d23)
Number of updated assets reloaded before import = 0
Start importing Assets/SampleSceneAssets/Meshes/Props/Lights/Prefab/Light_Spot_800lm.prefab using Guid(ac937fd9ae94a3a40b3a7185b6b1f0e2) Importer(2089858483,0ecaa5967403d082aa24f35e1b516d23) Generated GUIDs only implemented for interfaces!
 -> (artifact id: 'c375e5d8687a10b0238eea2903b08aa6') in 0.052012 seconds 
Number of asset objects unloaded after import = 10
========================================================================
Received Import Request.
  Time since last request: 0.000044 seconds.
  path: Assets/SampleSceneAssets/Meshes/Props/Lights/Prefab/Light_Point_Hotspot_Small.prefab
  artifactKey: Guid(428831fe459a18c49843bfc3af65bbc9) Importer(2089858483,0ecaa5967403d082aa24f35e1b516d23)
Number of updated assets reloaded before import = 0
Start importing Assets/SampleSceneAssets/Meshes/Props/Lights/Prefab/Light_Point_Hotspot_Small.prefab using Guid(428831fe459a18c49843bfc3af65bbc9) Importer(2089858483,0ecaa5967403d082aa24f35e1b516d23) Generated GUIDs only implemented for interfaces!
 -> (artifact id: 'bad3d716db8bf3effac31d793d4c5a7e') in 0.039005 seconds 
Number of asset objects unloaded after import = 6
========================================================================
Received Import Request.
  Time since last request: 0.000028 seconds.
  path: Assets/SampleSceneAssets/Meshes/Props/Lights/Prefab/CeilingLamp_Lamp_01.prefab
  artifactKey: Guid(cf82a8e1669110c419edd18ee94bbbce) Importer(2089858483,0ecaa5967403d082aa24f35e1b516d23)
Number of updated assets reloaded before import = 0
Start importing Assets/SampleSceneAssets/Meshes/Props/Lights/Prefab/CeilingLamp_Lamp_01.prefab using Guid(cf82a8e1669110c419edd18ee94bbbce) Importer(2089858483,0ecaa5967403d082aa24f35e1b516d23) Generated GUIDs only implemented for interfaces!
 -> (artifact id: '021f803de43b104ff73b3865f7fcb2ea') in 0.028688 seconds 
Number of asset objects unloaded after import = 22
========================================================================
Received Import Request.
  Time since last request: 0.000029 seconds.
  path: Assets/SampleSceneAssets/Meshes/Props/Nature/Model/Rock_A_02.fbx
  artifactKey: Guid(3bb55b9dc42e34c47b35dea94575a162) Importer(2089858483,0ecaa5967403d082aa24f35e1b516d23)
Number of updated assets reloaded before import = 0
Start importing Assets/SampleSceneAssets/Meshes/Props/Nature/Model/Rock_A_02.fbx using Guid(3bb55b9dc42e34c47b35dea94575a162) Importer(2089858483,0ecaa5967403d082aa24f35e1b516d23) Generated GUIDs only implemented for interfaces!
 -> (artifact id: 'fec10179870301970ab313f6483086ca') in 0.047522 seconds 
Number of asset objects unloaded after import = 30
========================================================================
Received Import Request.
  Time since last request: 0.000028 seconds.
  path: Assets/SampleSceneAssets/Meshes/Props/Nature/Prefab/Leaves.prefab
  artifactKey: Guid(d68563de2b0943d42b00e781fcbdba44) Importer(2089858483,0ecaa5967403d082aa24f35e1b516d23)
Number of updated assets reloaded before import = 0
Start importing Assets/SampleSceneAssets/Meshes/Props/Nature/Prefab/Leaves.prefab using Guid(d68563de2b0943d42b00e781fcbdba44) Importer(2089858483,0ecaa5967403d082aa24f35e1b516d23) Generated GUIDs only implemented for interfaces!
 -> (artifact id: '0d8d679669f188d90db86837c5fe175e') in 0.045843 seconds 
Number of asset objects unloaded after import = 1014
========================================================================
Received Import Request.
  Time since last request: 0.000047 seconds.
  path: Assets/SampleSceneAssets/Meshes/Props/Nature/Prefab/Bush_01.prefab
  artifactKey: Guid(55fb4d7d07bc4ed48b7461359c111300) Importer(2089858483,0ecaa5967403d082aa24f35e1b516d23)
Number of updated assets reloaded before import = 0
Start importing Assets/SampleSceneAssets/Meshes/Props/Nature/Prefab/Bush_01.prefab using Guid(55fb4d7d07bc4ed48b7461359c111300) Importer(2089858483,0ecaa5967403d082aa24f35e1b516d23) Generated GUIDs only implemented for interfaces!
 -> (artifact id: '6311cfc20f2a18191bd0390d082fc846') in 0.025611 seconds 
Number of asset objects unloaded after import = 28
========================================================================
Received Import Request.
  Time since last request: 0.000032 seconds.
  path: Assets/SampleSceneAssets/Tutorials/Pages/VFX_05.asset
  artifactKey: Guid(a9cd24cf354a4014f8bd2ed495e3f172) Importer(2089858483,0ecaa5967403d082aa24f35e1b516d23)
Number of updated assets reloaded before import = 0
Start importing Assets/SampleSceneAssets/Tutorials/Pages/VFX_05.asset using Guid(a9cd24cf354a4014f8bd2ed495e3f172) Importer(2089858483,0ecaa5967403d082aa24f35e1b516d23) Generated GUIDs only implemented for interfaces!
 -> (artifact id: 'f6be89f51d791321ef1d03057d6b55e9') in 0.022601 seconds 
Number of asset objects unloaded after import = 2
========================================================================
Received Import Request.
  Time since last request: 0.000030 seconds.
  path: Assets/SampleSceneAssets/Tutorials/Settings/Tutorials.asset
  artifactKey: Guid(938ffbc4ff2eabb48a668123d363dfe1) Importer(2089858483,0ecaa5967403d082aa24f35e1b516d23)
Number of updated assets reloaded before import = 0
Start importing Assets/SampleSceneAssets/Tutorials/Settings/Tutorials.asset using Guid(938ffbc4ff2eabb48a668123d363dfe1) Importer(2089858483,0ecaa5967403d082aa24f35e1b516d23) d3d12: upload buffer was full! Waited for COPY queue for 1.985 ms.
Generated GUIDs only implemented for interfaces!
 -> (artifact id: '5e187d791824fe30a7680e6eca2fc85c') in 0.427042 seconds 
Number of asset objects unloaded after import = 155
========================================================================
Received Import Request.
  Time since last request: 0.000036 seconds.
  path: Assets/SampleSceneAssets/Tutorials/Assets/WhiteBalance-2.png
  artifactKey: Guid(c7af353d9b528df4a9942d0e761da82e) Importer(2089858483,0ecaa5967403d082aa24f35e1b516d23)
Number of updated assets reloaded before import = 0
Start importing Assets/SampleSceneAssets/Tutorials/Assets/WhiteBalance-2.png using Guid(c7af353d9b528df4a9942d0e761da82e) Importer(2089858483,0ecaa5967403d082aa24f35e1b516d23) Generated GUIDs only implemented for interfaces!
 -> (artifact id: '7e09eb28f4583df3ae7475b9238d3fce') in 0.059432 seconds 
Number of asset objects unloaded after import = 1
========================================================================
Received Import Request.
  Time since last request: 0.000040 seconds.
  path: Assets/SampleSceneAssets/Textures/General/Leaves_MAODS.tga
  artifactKey: Guid(07c3a70cafeed5d43b94d813e9d20ea3) Importer(2089858483,0ecaa5967403d082aa24f35e1b516d23)
Number of updated assets reloaded before import = 0
Start importing Assets/SampleSceneAssets/Textures/General/Leaves_MAODS.tga using Guid(07c3a70cafeed5d43b94d813e9d20ea3) Importer(2089858483,0ecaa5967403d082aa24f35e1b516d23) Generated GUIDs only implemented for interfaces!
 -> (artifact id: '6dd9b624312ca1c3108ce3f32e6681bb') in 0.033989 seconds 
Number of asset objects unloaded after import = 1
========================================================================
Received Import Request.
  Time since last request: 0.000032 seconds.
  path: Assets/SampleSceneAssets/Materials/General/Aluminium_Mat.mat
  artifactKey: Guid(7e2338eeff7d3b0439250086f961228b) Importer(2089858483,0ecaa5967403d082aa24f35e1b516d23)
Number of updated assets reloaded before import = 0
Start importing Assets/SampleSceneAssets/Materials/General/Aluminium_Mat.mat using Guid(7e2338eeff7d3b0439250086f961228b) Importer(2089858483,0ecaa5967403d082aa24f35e1b516d23) Generated GUIDs only implemented for interfaces!
 -> (artifact id: 'b58718a23fe501cbc10ac06af8e9efac') in 0.053536 seconds 
Number of asset objects unloaded after import = 2
========================================================================
Received Import Request.
  Time since last request: 0.000032 seconds.
  path: Assets/SampleSceneAssets/Textures/General/ConcreteTaupe_02_Albedo.png
  artifactKey: Guid(5b5f09d31f567674ea32972d86836528) Importer(2089858483,0ecaa5967403d082aa24f35e1b516d23)
Number of updated assets reloaded before import = 0
Start importing Assets/SampleSceneAssets/Textures/General/ConcreteTaupe_02_Albedo.png using Guid(5b5f09d31f567674ea32972d86836528) Importer(2089858483,0ecaa5967403d082aa24f35e1b516d23) Generated GUIDs only implemented for interfaces!
 -> (artifact id: 'f8510aa8513e537e2414d9c91dd6b297') in 0.038979 seconds 
Number of asset objects unloaded after import = 1
========================================================================
Received Import Request.
  Time since last request: 0.000034 seconds.
  path: Assets/SampleSceneAssets/Tutorials/Icons/icon--wall-sticker@2x.png
  artifactKey: Guid(72ae5899b6349c14ca51d46e3b5b8927) Importer(2089858483,0ecaa5967403d082aa24f35e1b516d23)
Number of updated assets reloaded before import = 0
Start importing Assets/SampleSceneAssets/Tutorials/Icons/icon--wall-sticker@2x.png using Guid(72ae5899b6349c14ca51d46e3b5b8927) Importer(2089858483,0ecaa5967403d082aa24f35e1b516d23) Generated GUIDs only implemented for interfaces!
 -> (artifact id: '9b0c8080bed184818d5fa272d5057afb') in 0.041834 seconds 
Number of asset objects unloaded after import = 1
========================================================================
Received Import Request.
  Time since last request: 0.000051 seconds.
  path: Assets/SampleSceneAssets/Tutorials/Assets/PBL-2.png
  artifactKey: Guid(647cb5e6c7457754f80b7c8e36779962) Importer(2089858483,0ecaa5967403d082aa24f35e1b516d23)
Number of updated assets reloaded before import = 0
Start importing Assets/SampleSceneAssets/Tutorials/Assets/PBL-2.png using Guid(647cb5e6c7457754f80b7c8e36779962) Importer(2089858483,0ecaa5967403d082aa24f35e1b516d23) Generated GUIDs only implemented for interfaces!
 -> (artifact id: 'fce1b2b1eb093d2e7407424c61c65396') in 0.037707 seconds 
Number of asset objects unloaded after import = 1
========================================================================
Received Import Request.
  Time since last request: 0.000027 seconds.
  path: Assets/SampleSceneAssets/Textures/General/DecalWear_MOADS.tga
  artifactKey: Guid(942df54ea42430e408b2ce7e74794686) Importer(2089858483,0ecaa5967403d082aa24f35e1b516d23)
Number of updated assets reloaded before import = 0
Start importing Assets/SampleSceneAssets/Textures/General/DecalWear_MOADS.tga using Guid(942df54ea42430e408b2ce7e74794686) Importer(2089858483,0ecaa5967403d082aa24f35e1b516d23) Generated GUIDs only implemented for interfaces!
 -> (artifact id: '47dc2da1faf29992425e7706a847599c') in 0.041531 seconds 
Number of asset objects unloaded after import = 1
========================================================================
Received Import Request.
  Time since last request: 0.000029 seconds.
  path: Assets/SampleSceneAssets/LensFlares/Textures/Shimmer.png
  artifactKey: Guid(57bb5846aaf6f144d99efd4f8439bb63) Importer(2089858483,0ecaa5967403d082aa24f35e1b516d23)
Number of updated assets reloaded before import = 0
Start importing Assets/SampleSceneAssets/LensFlares/Textures/Shimmer.png using Guid(57bb5846aaf6f144d99efd4f8439bb63) Importer(2089858483,0ecaa5967403d082aa24f35e1b516d23) Generated GUIDs only implemented for interfaces!
 -> (artifact id: '3d93edddb3062c149a68ac7fd716af84') in 0.045629 seconds 
Number of asset objects unloaded after import = 1
========================================================================
Received Prepare
Refreshing native plugins compatible for Editor in 4.63 ms, found 3 plugins.
Preloading 0 native plugins for Editor in 0.00 ms.
Unloading 23 Unused Serialized files (Serialized files now loaded: 0)
Unloading 24 unused Assets / (3.6 MB). Loaded Objects now: 7644.
Memory consumption went from 186.4 MB to 182.8 MB.
Total: 5.815300 ms (FindLiveObjects: 0.510100 ms CreateObjectMapping: 0.374900 ms MarkObjects: 4.543500 ms  DeleteObjects: 0.385700 ms)

AssetImportParameters requested are different than current active one (requested -> active):
  custom:container-demuxer-ogg: 62fdf1f143b41e24485cea50d1cbac27 -> 
  custom:framework-win-MediaFoundation: 216162199b28c13a410421893ffa2e32 -> 
  custom:container-muxer-webm: aa71ff27fc2769a1b78a27578f13a17b -> 
  custom:video-decoder-webm-vp8: 9c59270c3fd7afecdb556c50c9e8de78 -> 
  custom:SearchIndexIgnoredProperties: e643bd26f0fe6173181afceb89e7c659 -> 
  custom:AudioImporter_EditorPlatform: d09bf68614088b80899f8185d706f6e7 -> 
  custom:audio-decoder-ogg-vorbis: bf7c407c2cedff20999df2af8eb42d56 -> 
  custom:audio-encoder-webm-vorbis: bf7c407c2cedff20999df2af8eb42d56 -> 
  custom:video-decoder-ogg-theora: a1e56fd34408186e4bbccfd4996cb3dc -> 
  custom:container-demuxer-webm: 4f35f7cbe854078d1ac9338744f61a02 -> 
  custom:video-encoder-webm-vp8: eb34c28f22e8b96e1ab97ce403110664 -> 
Editor requested this worker to shutdown with reason: Scaling down because of idle timeout
TcpMessagingSession - receive error: operation aborted. errorcode: 995, details: The I/O operation has been aborted because of either a thread exit or an application request.
AssetImportWorker is now disconnected from the server
Process exiting
Exiting without the bug reporter. Application will terminate with return code 0